TN:
SF:src\app\about\page.tsx
FN:8,AboutPage
FNF:1
FNH:0
FNDA:0,AboutPage
DA:1,0
DA:2,0
DA:4,0
DA:5,0
DA:6,0
DA:8,0
LF:6
LH:0
BRF:0
BRH:0
end_of_record
TN:
SF:src\app\admin\page.tsx
FN:85,AdminPage
FN:119,(anonymous_3)
FN:126,(anonymous_4)
FN:131,(anonymous_5)
FN:136,(anonymous_6)
FN:140,(anonymous_7)
FN:149,(anonymous_8)
FN:177,(anonymous_9)
FN:196,(anonymous_10)
FN:218,(anonymous_11)
FN:233,(anonymous_12)
FN:261,(anonymous_13)
FN:289,(anonymous_14)
FN:303,(anonymous_15)
FN:312,(anonymous_16)
FN:386,(anonymous_17)
FN:394,(anonymous_18)
FN:402,(anonymous_19)
FN:513,(anonymous_20)
FN:530,(anonymous_21)
FN:547,(anonymous_22)
FN:577,(anonymous_23)
FN:585,(anonymous_24)
FN:697,(anonymous_25)
FN:738,(anonymous_26)
FN:745,(anonymous_27)
FN:792,(anonymous_28)
FN:828,(anonymous_29)
FN:836,(anonymous_30)
FNF:29
FNH:9
FNDA:12,AdminPage
FNDA:9,(anonymous_3)
FNDA:9,(anonymous_4)
FNDA:0,(anonymous_5)
FNDA:2,(anonymous_6)
FNDA:2,(anonymous_7)
FNDA:2,(anonymous_8)
FNDA:2,(anonymous_9)
FNDA:2,(anonymous_10)
FNDA:2,(anonymous_11)
FNDA:0,(anonymous_12)
FNDA:0,(anonymous_13)
FNDA:0,(anonymous_14)
FNDA:0,(anonymous_15)
FNDA:0,(anonymous_16)
FNDA:0,(anonymous_17)
FNDA:0,(anonymous_18)
FNDA:0,(anonymous_19)
FNDA:0,(anonymous_20)
FNDA:0,(anonymous_21)
FNDA:0,(anonymous_22)
FNDA:0,(anonymous_23)
FNDA:0,(anonymous_24)
FNDA:0,(anonymous_25)
FNDA:0,(anonymous_26)
FNDA:0,(anonymous_27)
FNDA:0,(anonymous_28)
FNDA:0,(anonymous_29)
FNDA:0,(anonymous_30)
DA:3,1
DA:4,1
DA:5,1
DA:6,1
DA:7,1
DA:8,1
DA:9,1
DA:10,1
DA:11,1
DA:12,1
DA:13,1
DA:14,1
DA:15,1
DA:16,1
DA:40,1
DA:85,9
DA:86,12
DA:87,12
DA:88,12
DA:91,12
DA:97,11
DA:108,11
DA:109,11
DA:110,11
DA:111,11
DA:112,11
DA:113,11
DA:116,11
DA:119,11
DA:120,9
DA:121,3
DA:122,3
DA:126,11
DA:127,9
DA:128,2
DA:131,2
DA:132,0
DA:133,0
DA:136,2
DA:140,11
DA:141,2
DA:149,11
DA:150,2
DA:151,2
DA:152,2
DA:154,2
DA:155,2
DA:157,2
DA:158,2
DA:161,0
DA:162,0
DA:163,0
DA:166,0
DA:167,0
DA:170,2
DA:171,2
DA:173,2
DA:177,11
DA:178,2
DA:179,2
DA:180,2
DA:181,2
DA:183,2
DA:184,2
DA:187,0
DA:189,2
DA:190,2
DA:192,2
DA:196,11
DA:197,2
DA:198,2
DA:199,2
DA:208,0
DA:209,0
DA:211,2
DA:212,2
DA:214,2
DA:218,11
DA:219,2
DA:220,2
DA:226,0
DA:227,0
DA:229,2
DA:233,11
DA:234,0
DA:235,0
DA:247,0
DA:249,0
DA:250,0
DA:253,0
DA:256,0
DA:257,0
DA:261,11
DA:262,0
DA:263,0
DA:275,0
DA:277,0
DA:278,0
DA:281,0
DA:284,0
DA:285,0
DA:289,11
DA:290,0
DA:291,0
DA:292,0
DA:294,0
DA:295,0
DA:298,0
DA:301,0
DA:303,0
DA:312,0
DA:315,0
DA:316,0
DA:317,0
DA:318,0
DA:319,0
DA:320,0
DA:321,0
DA:323,0
DA:325,0
DA:326,0
DA:330,11
DA:342,10
DA:355,4
DA:386,0
DA:394,0
DA:402,0
DA:513,0
DA:530,0
DA:547,0
DA:577,0
DA:586,0
DA:698,0
DA:738,0
DA:745,0
DA:793,0
DA:828,0
DA:836,0
LF:138
LH:77
BRDA:120,0,0,3
BRDA:120,1,0,9
BRDA:120,1,1,5
BRDA:127,2,0,2
BRDA:157,3,0,2
BRDA:158,4,0,2
BRDA:158,4,1,2
BRDA:166,5,0,0
BRDA:183,6,0,2
BRDA:184,7,0,2
BRDA:184,7,1,2
BRDA:187,8,0,0
BRDA:187,8,1,0
BRDA:208,9,0,0
BRDA:209,10,0,0
BRDA:209,10,1,0
BRDA:226,11,0,0
BRDA:227,12,0,0
BRDA:227,12,1,0
BRDA:249,13,0,0
BRDA:250,14,0,0
BRDA:250,14,1,0
BRDA:277,15,0,0
BRDA:278,16,0,0
BRDA:278,16,1,0
BRDA:294,17,0,0
BRDA:295,18,0,0
BRDA:295,18,1,0
BRDA:303,19,0,0
BRDA:303,19,1,0
BRDA:306,20,0,0
BRDA:306,20,1,0
BRDA:307,21,0,0
BRDA:307,21,1,0
BRDA:308,22,0,0
BRDA:308,22,1,0
BRDA:309,23,0,0
BRDA:309,23,1,0
BRDA:330,24,0,1
BRDA:342,25,0,6
BRDA:342,26,0,10
BRDA:342,26,1,7
BRDA:348,27,0,6
BRDA:348,27,1,0
BRDA:355,28,0,0
BRDA:414,29,0,4
BRDA:414,29,1,0
BRDA:415,30,0,4
BRDA:415,30,1,0
BRDA:430,31,0,4
BRDA:430,31,1,0
BRDA:449,32,0,4
BRDA:449,32,1,0
BRDA:456,33,0,0
BRDA:456,33,1,4
BRDA:468,34,0,4
BRDA:468,34,1,0
BRDA:487,35,0,4
BRDA:487,35,1,0
BRDA:599,36,0,0
BRDA:599,36,1,0
BRDA:600,37,0,0
BRDA:600,37,1,0
BRDA:670,38,0,2
BRDA:670,38,1,2
BRDA:714,39,0,0
BRDA:714,39,1,0
BRDA:716,40,0,0
BRDA:716,40,1,0
BRDA:719,41,0,0
BRDA:719,41,1,0
BRDA:720,42,0,0
BRDA:720,42,1,0
BRDA:722,43,0,0
BRDA:725,44,0,0
BRDA:738,45,0,0
BRDA:738,45,1,0
BRDA:740,46,0,0
BRDA:747,47,0,0
BRDA:775,48,0,0
BRDA:775,48,1,4
BRDA:814,49,0,0
BRDA:814,49,1,0
BRDA:815,50,0,0
BRDA:815,50,1,0
BRDA:824,51,0,0
BRDA:875,52,0,0
BRDA:875,52,1,4
BRF:88
BRH:26
end_of_record
TN:
SF:src\app\admin\analytics\page.tsx
FN:59,AnalyticsPage
FN:67,(anonymous_3)
FN:74,(anonymous_4)
FN:122,(anonymous_5)
FN:129,(anonymous_6)
FN:134,(anonymous_7)
FN:143,(anonymous_8)
FN:150,(anonymous_9)
FN:155,(anonymous_10)
FN:165,(anonymous_11)
FN:196,(anonymous_12)
FN:212,(anonymous_13)
FN:215,(anonymous_14)
FN:216,(anonymous_15)
FN:388,(anonymous_16)
FN:423,(anonymous_17)
FN:459,(anonymous_18)
FNF:17
FNH:0
FNDA:0,AnalyticsPage
FNDA:0,(anonymous_3)
FNDA:0,(anonymous_4)
FNDA:0,(anonymous_5)
FNDA:0,(anonymous_6)
FNDA:0,(anonymous_7)
FNDA:0,(anonymous_8)
FNDA:0,(anonymous_9)
FNDA:0,(anonymous_10)
FNDA:0,(anonymous_11)
FNDA:0,(anonymous_12)
FNDA:0,(anonymous_13)
FNDA:0,(anonymous_14)
FNDA:0,(anonymous_15)
FNDA:0,(anonymous_16)
FNDA:0,(anonymous_17)
FNDA:0,(anonymous_18)
DA:3,0
DA:4,0
DA:5,0
DA:6,0
DA:7,0
DA:8,0
DA:9,0
DA:10,0
DA:11,0
DA:12,0
DA:27,0
DA:59,0
DA:60,0
DA:61,0
DA:63,0
DA:64,0
DA:65,0
DA:67,0
DA:69,0
DA:70,0
DA:74,0
DA:75,0
DA:76,0
DA:77,0
DA:78,0
DA:79,0
DA:89,0
DA:99,0
DA:104,0
DA:105,0
DA:106,0
DA:112,0
DA:117,0
DA:122,0
DA:123,0
DA:124,0
DA:125,0
DA:128,0
DA:129,0
DA:134,0
DA:138,0
DA:143,0
DA:144,0
DA:145,0
DA:146,0
DA:149,0
DA:150,0
DA:155,0
DA:159,0
DA:165,0
DA:172,0
DA:189,0
DA:190,0
DA:192,0
DA:196,0
DA:197,0
DA:199,0
DA:200,0
DA:212,0
DA:215,0
DA:216,0
DA:218,0
DA:219,0
DA:220,0
DA:221,0
DA:222,0
DA:223,0
DA:224,0
DA:226,0
DA:228,0
DA:229,0
DA:234,0
DA:247,0
DA:258,0
DA:389,0
DA:424,0
DA:460,0
LF:77
LH:0
BRDA:69,0,0,0
BRDA:69,1,0,0
BRDA:69,1,1,0
BRDA:112,2,0,0
BRDA:112,2,1,0
BRDA:112,3,0,0
BRDA:112,3,1,0
BRDA:113,4,0,0
BRDA:113,4,1,0
BRDA:122,5,0,0
BRDA:122,5,1,0
BRDA:123,6,0,0
BRDA:123,6,1,0
BRDA:124,7,0,0
BRDA:124,7,1,0
BRDA:132,8,0,0
BRDA:132,8,1,0
BRDA:143,9,0,0
BRDA:143,9,1,0
BRDA:144,10,0,0
BRDA:144,10,1,0
BRDA:145,11,0,0
BRDA:145,11,1,0
BRDA:153,12,0,0
BRDA:153,12,1,0
BRDA:165,13,0,0
BRDA:165,13,1,0
BRDA:173,14,0,0
BRDA:173,14,1,0
BRDA:174,15,0,0
BRDA:174,15,1,0
BRDA:175,16,0,0
BRDA:175,16,1,0
BRDA:176,17,0,0
BRDA:176,17,1,0
BRDA:177,18,0,0
BRDA:177,18,1,0
BRDA:178,19,0,0
BRDA:178,19,1,0
BRDA:180,20,0,0
BRDA:180,20,1,0
BRDA:181,21,0,0
BRDA:181,21,1,0
BRDA:197,22,0,0
BRDA:234,23,0,0
BRDA:234,24,0,0
BRDA:234,24,1,0
BRDA:247,25,0,0
BRDA:258,26,0,0
BRDA:304,27,0,0
BRDA:304,27,1,0
BRDA:342,28,0,0
BRDA:342,28,1,0
BRDA:366,29,0,0
BRDA:366,29,1,0
BRDA:367,30,0,0
BRDA:367,30,1,0
BRF:57
BRH:0
end_of_record
TN:
SF:src\app\admin\create-user\page.tsx
FN:15,CreateUserPage
FN:44,(anonymous_2)
FN:87,(anonymous_3)
FN:89,(anonymous_4)
FN:126,(anonymous_5)
FN:126,(anonymous_6)
FN:137,(anonymous_7)
FN:137,(anonymous_8)
FN:150,(anonymous_9)
FN:150,(anonymous_10)
FN:164,(anonymous_11)
FN:164,(anonymous_12)
FN:188,(anonymous_13)
FN:188,(anonymous_14)
FN:205,(anonymous_15)
FN:205,(anonymous_16)
FN:218,(anonymous_17)
FN:218,(anonymous_18)
FNF:18
FNH:0
FNDA:0,CreateUserPage
FNDA:0,(anonymous_2)
FNDA:0,(anonymous_3)
FNDA:0,(anonymous_4)
FNDA:0,(anonymous_5)
FNDA:0,(anonymous_6)
FNDA:0,(anonymous_7)
FNDA:0,(anonymous_8)
FNDA:0,(anonymous_9)
FNDA:0,(anonymous_10)
FNDA:0,(anonymous_11)
FNDA:0,(anonymous_12)
FNDA:0,(anonymous_13)
FNDA:0,(anonymous_14)
FNDA:0,(anonymous_15)
FNDA:0,(anonymous_16)
FNDA:0,(anonymous_17)
FNDA:0,(anonymous_18)
DA:3,0
DA:4,0
DA:6,0
DA:7,0
DA:8,0
DA:9,0
DA:10,0
DA:11,0
DA:12,0
DA:13,0
DA:15,0
DA:16,0
DA:17,0
DA:18,0
DA:19,0
DA:30,0
DA:44,0
DA:45,0
DA:46,0
DA:47,0
DA:49,0
DA:51,0
DA:59,0
DA:60,0
DA:61,0
DA:64,0
DA:65,0
DA:66,0
DA:69,0
DA:80,0
DA:81,0
DA:83,0
DA:87,0
DA:88,0
DA:89,0
DA:126,0
DA:137,0
DA:150,0
DA:164,0
DA:188,0
DA:205,0
DA:218,0
LF:42
LH:0
BRDA:30,0,0,0
BRDA:30,1,0,0
BRDA:30,1,1,0
BRDA:59,2,0,0
BRDA:61,3,0,0
BRDA:61,3,1,0
BRDA:81,4,0,0
BRDA:81,4,1,0
BRDA:110,5,0,0
BRDA:238,6,0,0
BRF:10
BRH:0
end_of_record
TN:
SF:src\app\admin\users\page.tsx
FN:65,UsersManagementPage
FN:79,(anonymous_3)
FN:85,(anonymous_4)
FN:90,(anonymous_5)
FN:94,(anonymous_6)
FN:98,(anonymous_7)
FN:120,(anonymous_8)
FN:125,(anonymous_9)
FN:136,(anonymous_10)
FN:142,(anonymous_11)
FN:144,(anonymous_12)
FN:146,(anonymous_13)
FN:151,(anonymous_14)
FN:175,(anonymous_15)
FN:203,(anonymous_16)
FN:231,(anonymous_17)
FN:235,(anonymous_18)
FN:246,(anonymous_19)
FN:263,(anonymous_20)
FN:265,(anonymous_21)
FN:266,(anonymous_22)
FN:267,(anonymous_23)
FN:333,(anonymous_24)
FN:413,(anonymous_25)
FN:441,(anonymous_26)
FN:489,(anonymous_27)
FN:549,(anonymous_28)
FN:593,(anonymous_29)
FN:601,(anonymous_30)
FNF:29
FNH:0
FNDA:0,UsersManagementPage
FNDA:0,(anonymous_3)
FNDA:0,(anonymous_4)
FNDA:0,(anonymous_5)
FNDA:0,(anonymous_6)
FNDA:0,(anonymous_7)
FNDA:0,(anonymous_8)
FNDA:0,(anonymous_9)
FNDA:0,(anonymous_10)
FNDA:0,(anonymous_11)
FNDA:0,(anonymous_12)
FNDA:0,(anonymous_13)
FNDA:0,(anonymous_14)
FNDA:0,(anonymous_15)
FNDA:0,(anonymous_16)
FNDA:0,(anonymous_17)
FNDA:0,(anonymous_18)
FNDA:0,(anonymous_19)
FNDA:0,(anonymous_20)
FNDA:0,(anonymous_21)
FNDA:0,(anonymous_22)
FNDA:0,(anonymous_23)
FNDA:0,(anonymous_24)
FNDA:0,(anonymous_25)
FNDA:0,(anonymous_26)
FNDA:0,(anonymous_27)
FNDA:0,(anonymous_28)
FNDA:0,(anonymous_29)
FNDA:0,(anonymous_30)
DA:3,0
DA:4,0
DA:5,0
DA:6,0
DA:7,0
DA:8,0
DA:9,0
DA:10,0
DA:11,0
DA:12,0
DA:13,0
DA:14,0
DA:15,0
DA:32,0
DA:65,0
DA:66,0
DA:67,0
DA:68,0
DA:70,0
DA:71,0
DA:72,0
DA:73,0
DA:74,0
DA:75,0
DA:76,0
DA:77,0
DA:79,0
DA:81,0
DA:82,0
DA:85,0
DA:86,0
DA:87,0
DA:90,0
DA:94,0
DA:95,0
DA:98,0
DA:99,0
DA:100,0
DA:101,0
DA:103,0
DA:104,0
DA:106,0
DA:107,0
DA:110,0
DA:111,0
DA:113,0
DA:114,0
DA:116,0
DA:120,0
DA:121,0
DA:124,0
DA:125,0
DA:126,0
DA:135,0
DA:136,0
DA:140,0
DA:141,0
DA:142,0
DA:143,0
DA:144,0
DA:145,0
DA:146,0
DA:151,0
DA:152,0
DA:153,0
DA:156,0
DA:157,0
DA:158,0
DA:160,0
DA:161,0
DA:162,0
DA:165,0
DA:166,0
DA:168,0
DA:172,0
DA:175,0
DA:176,0
DA:177,0
DA:189,0
DA:191,0
DA:192,0
DA:195,0
DA:196,0
DA:198,0
DA:199,0
DA:203,0
DA:204,0
DA:205,0
DA:217,0
DA:219,0
DA:220,0
DA:223,0
DA:224,0
DA:226,0
DA:227,0
DA:231,0
DA:232,0
DA:233,0
DA:235,0
DA:246,0
DA:248,0
DA:249,0
DA:250,0
DA:251,0
DA:252,0
DA:253,0
DA:254,0
DA:256,0
DA:258,0
DA:259,0
DA:263,0
DA:264,0
DA:265,0
DA:266,0
DA:267,0
DA:269,0
DA:272,0
DA:275,0
DA:288,0
DA:333,0
DA:413,0
DA:442,0
DA:443,0
DA:444,0
DA:490,0
DA:550,0
DA:593,0
DA:601,0
LF:128
LH:0
BRDA:81,0,0,0
BRDA:81,1,0,0
BRDA:81,1,1,0
BRDA:106,2,0,0
BRDA:107,3,0,0
BRDA:107,3,1,0
BRDA:110,4,0,0
BRDA:110,4,1,0
BRDA:111,5,0,0
BRDA:111,5,1,0
BRDA:124,6,0,0
BRDA:126,7,0,0
BRDA:126,7,1,0
BRDA:126,7,2,0
BRDA:126,7,3,0
BRDA:126,7,4,0
BRDA:135,8,0,0
BRDA:140,9,0,0
BRDA:141,10,0,0
BRDA:141,10,1,0
BRDA:143,11,0,0
BRDA:143,11,1,0
BRDA:145,12,0,0
BRDA:156,13,0,0
BRDA:156,14,0,0
BRDA:156,14,1,0
BRDA:157,15,0,0
BRDA:158,16,0,0
BRDA:160,17,0,0
BRDA:160,18,0,0
BRDA:160,18,1,0
BRDA:165,19,0,0
BRDA:165,19,1,0
BRDA:166,20,0,0
BRDA:166,20,1,0
BRDA:166,21,0,0
BRDA:166,21,1,0
BRDA:168,22,0,0
BRDA:168,22,1,0
BRDA:168,23,0,0
BRDA:168,23,1,0
BRDA:191,24,0,0
BRDA:192,25,0,0
BRDA:192,25,1,0
BRDA:219,26,0,0
BRDA:220,27,0,0
BRDA:220,27,1,0
BRDA:238,28,0,0
BRDA:238,28,1,0
BRDA:239,29,0,0
BRDA:239,29,1,0
BRDA:241,30,0,0
BRDA:241,30,1,0
BRDA:242,31,0,0
BRDA:242,31,1,0
BRDA:275,32,0,0
BRDA:275,33,0,0
BRDA:275,33,1,0
BRDA:288,34,0,0
BRDA:321,35,0,0
BRDA:321,35,1,0
BRDA:366,36,0,0
BRDA:366,36,1,0
BRDA:513,37,0,0
BRDA:513,37,1,0
BRDA:518,38,0,0
BRDA:518,38,1,0
BRDA:523,39,0,0
BRDA:523,39,1,0
BRDA:524,40,0,0
BRDA:524,40,1,0
BRDA:526,41,0,0
BRDA:529,42,0,0
BRDA:548,43,0,0
BRDA:547,44,0,0
BRDA:547,44,1,0
BRDA:552,45,0,0
BRDA:552,45,1,0
BRDA:553,46,0,0
BRDA:553,46,1,0
BRDA:558,47,0,0
BRDA:563,48,0,0
BRDA:568,49,0,0
BRDA:594,50,0,0
BRDA:594,50,1,0
BRDA:596,51,0,0
BRDA:602,52,0,0
BRDA:602,52,1,0
BRDA:604,53,0,0
BRF:89
BRH:0
end_of_record
TN:
SF:src\app\admin\verification\page.tsx
FN:8,AdminVerificationPage
FNF:1
FNH:0
FNDA:0,AdminVerificationPage
DA:3,0
DA:4,0
DA:5,0
DA:6,0
DA:8,0
DA:9,0
DA:11,0
DA:12,0
DA:15,0
LF:9
LH:0
BRDA:11,0,0,0
BRDA:15,1,0,0
BRDA:15,2,0,0
BRDA:15,2,1,0
BRF:4
BRH:0
end_of_record
TN:
SF:src\app\admin\weekly-matching\page.tsx
FN:8,AdminWeeklyMatchingPage
FNF:1
FNH:0
FNDA:0,AdminWeeklyMatchingPage
DA:3,0
DA:4,0
DA:5,0
DA:6,0
DA:8,0
DA:9,0
DA:11,0
DA:12,0
DA:15,0
LF:9
LH:0
BRDA:11,0,0,0
BRDA:15,1,0,0
BRDA:15,2,0,0
BRDA:15,2,1,0
BRF:4
BRH:0
end_of_record
TN:
SF:src\app\api\admin\create-user\route.ts
FN:4,POST
FNF:1
FNH:0
FNDA:0,POST
DA:1,0
DA:2,0
DA:4,0
DA:5,0
DA:6,0
DA:7,0
DA:10,0
DA:11,0
DA:17,0
DA:20,0
DA:22,0
DA:23,0
DA:29,0
DA:35,0
DA:36,0
DA:43,0
DA:44,0
DA:49,0
DA:59,0
DA:60,0
DA:61,0
DA:67,0
DA:68,0
DA:75,0
DA:93,0
DA:94,0
DA:97,0
DA:99,0
DA:107,0
DA:108,0
DA:117,0
DA:118,0
DA:124,0
DA:130,0
DA:132,0
DA:143,0
DA:144,0
DA:149,0
DA:161,0
DA:162,0
LF:40
LH:0
BRDA:10,0,0,0
BRDA:10,1,0,0
BRDA:10,1,1,0
BRDA:10,1,2,0
BRDA:10,1,3,0
BRDA:10,1,4,0
BRDA:22,2,0,0
BRDA:35,3,0,0
BRDA:35,4,0,0
BRDA:35,4,1,0
BRDA:59,5,0,0
BRDA:67,6,0,0
BRDA:84,7,0,0
BRDA:84,7,1,0
BRDA:86,8,0,0
BRDA:86,8,1,0
BRDA:93,9,0,0
BRDA:107,10,0,0
BRDA:117,11,0,0
BRDA:130,12,0,0
BRDA:143,13,0,0
BRDA:156,14,0,0
BRDA:156,14,1,0
BRF:23
BRH:0
end_of_record
TN:
SF:src\app\api\admin\stats\route.ts
FN:9,GET
FNF:1
FNH:0
FNDA:0,GET
DA:1,0
DA:2,0
DA:4,0
DA:9,0
DA:10,0
DA:11,0
DA:14,0
DA:18,0
DA:19,0
DA:23,0
DA:28,0
DA:29,0
DA:33,0
DA:38,0
DA:39,0
DA:43,0
DA:48,0
DA:49,0
DA:53,0
DA:58,0
DA:59,0
DA:63,0
DA:68,0
DA:69,0
DA:73,0
DA:74,0
DA:76,0
DA:81,0
DA:82,0
DA:85,0
DA:96,0
DA:98,0
DA:100,0
DA:101,0
LF:34
LH:0
BRDA:18,0,0,0
BRDA:28,1,0,0
BRDA:38,2,0,0
BRDA:48,3,0,0
BRDA:58,4,0,0
BRDA:68,5,0,0
BRDA:81,6,0,0
BRDA:86,7,0,0
BRDA:86,7,1,0
BRDA:87,8,0,0
BRDA:87,8,1,0
BRDA:88,9,0,0
BRDA:88,9,1,0
BRDA:89,10,0,0
BRDA:89,10,1,0
BRDA:90,11,0,0
BRDA:90,11,1,0
BRDA:93,12,0,0
BRDA:93,12,1,0
BRF:19
BRH:0
end_of_record
TN:
SF:src\app\api\admin\users\route.ts
FN:9,GET
FNF:1
FNH:0
FNDA:0,GET
DA:1,0
DA:2,0
DA:4,0
DA:9,0
DA:10,0
DA:11,0
DA:13,0
DA:22,0
DA:23,0
DA:24,0
DA:30,0
DA:32,0
DA:34,0
DA:35,0
LF:14
LH:0
BRDA:22,0,0,0
BRDA:30,1,0,0
BRDA:30,1,1,0
BRDA:32,2,0,0
BRDA:32,2,1,0
BRF:5
BRH:0
end_of_record
TN:
SF:src\app\api\admin\users\update\route.ts
FN:9,PATCH
FNF:1
FNH:0
FNDA:0,PATCH
DA:1,0
DA:2,0
DA:4,0
DA:9,0
DA:10,0
DA:11,0
DA:12,0
DA:14,0
DA:16,0
DA:20,0
DA:21,0
DA:22,0
DA:23,0
DA:25,0
DA:31,0
DA:36,0
DA:37,0
DA:38,0
DA:44,0
DA:46,0
DA:51,0
DA:52,0
LF:22
LH:0
BRDA:20,0,0,0
BRDA:20,0,1,0
BRDA:22,1,0,0
BRDA:22,1,1,0
BRDA:36,2,0,0
BRDA:48,3,0,0
BRDA:48,3,1,0
BRF:7
BRH:0
end_of_record
TN:
SF:src\app\api\admin\verification\route.ts
FN:4,GET
FN:78,PATCH
FNF:2
FNH:0
FNDA:0,GET
FNDA:0,PATCH
DA:1,0
DA:2,0
DA:4,0
DA:5,0
DA:6,0
DA:7,0
DA:8,0
DA:9,0
DA:10,0
DA:11,0
DA:13,0
DA:16,0
DA:35,0
DA:36,0
DA:37,0
DA:44,0
DA:50,0
DA:51,0
DA:54,0
DA:55,0
DA:70,0
DA:71,0
DA:78,0
DA:79,0
DA:80,0
DA:81,0
DA:82,0
DA:84,0
DA:85,0
DA:91,0
DA:94,0
DA:100,0
DA:101,0
DA:104,0
DA:120,0
DA:121,0
DA:122,0
DA:129,0
DA:130,0
DA:138,0
DA:139,0
DA:141,0
DA:146,0
DA:147,0
DA:155,0
DA:156,0
DA:158,0
DA:163,0
DA:178,0
DA:182,0
DA:183,0
DA:185,0
DA:188,0
DA:189,0
DA:196,0
DA:197,0
LF:56
LH:0
BRDA:8,0,0,0
BRDA:8,0,1,0
BRDA:9,1,0,0
BRDA:9,1,1,0
BRDA:10,2,0,0
BRDA:10,2,1,0
BRDA:35,3,0,0
BRDA:50,4,0,0
BRDA:54,5,0,0
BRDA:54,5,1,0
BRDA:58,6,0,0
BRDA:58,6,1,0
BRDA:62,7,0,0
BRDA:62,7,1,0
BRDA:63,8,0,0
BRDA:63,8,1,0
BRDA:84,9,0,0
BRDA:84,10,0,0
BRDA:84,10,1,0
BRDA:84,10,2,0
BRDA:100,11,0,0
BRDA:120,12,0,0
BRDA:129,13,0,0
BRDA:129,14,0,0
BRDA:129,14,1,0
BRDA:138,15,0,0
BRDA:138,15,1,0
BRDA:146,16,0,0
BRDA:146,17,0,0
BRDA:146,17,1,0
BRDA:155,18,0,0
BRDA:155,18,1,0
BRDA:165,19,0,0
BRDA:165,19,1,0
BRDA:166,20,0,0
BRDA:166,20,1,0
BRDA:168,21,0,0
BRDA:168,21,1,0
BRDA:182,22,0,0
BRDA:182,22,1,0
BRF:40
BRH:0
end_of_record
TN:
SF:src\app\api\auth\create-profile\route.ts
FN:9,POST
FNF:1
FNH:0
FNDA:0,POST
DA:1,0
DA:2,0
DA:4,0
DA:9,0
DA:10,0
DA:11,0
DA:12,0
DA:14,0
DA:15,0
DA:21,0
DA:24,0
DA:30,0
DA:31,0
DA:32,0
DA:38,0
DA:46,0
DA:67,0
DA:68,0
DA:69,0
DA:75,0
DA:77,0
DA:84,0
DA:85,0
LF:23
LH:0
BRDA:14,0,0,0
BRDA:14,1,0,0
BRDA:14,1,1,0
BRDA:30,2,0,0
BRDA:52,3,0,0
BRDA:52,3,1,0
BRDA:53,4,0,0
BRDA:53,4,1,0
BRDA:67,5,0,0
BRF:9
BRH:0
end_of_record
TN:
SF:src\app\api\auth\get-profile\route.ts
FN:9,POST
FNF:1
FNH:0
FNDA:0,POST
DA:1,0
DA:2,0
DA:4,0
DA:9,0
DA:10,0
DA:11,0
DA:12,0
DA:14,0
DA:15,0
DA:21,0
DA:24,0
DA:30,0
DA:31,0
DA:32,0
DA:38,0
DA:39,0
DA:45,0
DA:47,0
DA:54,0
DA:55,0
LF:20
LH:0
BRDA:14,0,0,0
BRDA:30,1,0,0
BRDA:38,2,0,0
BRF:3
BRH:0
end_of_record
TN:
SF:src\app\api\chat\route.ts
FN:4,GET
FN:110,(anonymous_4)
FN:134,(anonymous_5)
FN:154,POST
FNF:4
FNH:0
FNDA:0,GET
FNDA:0,(anonymous_4)
FNDA:0,(anonymous_5)
FNDA:0,POST
DA:1,0
DA:2,0
DA:4,0
DA:5,0
DA:6,0
DA:7,0
DA:8,0
DA:9,0
DA:11,0
DA:12,0
DA:18,0
DA:21,0
DA:27,0
DA:28,0
DA:29,0
DA:36,0
DA:49,0
DA:50,0
DA:51,0
DA:58,0
DA:65,0
DA:66,0
DA:67,0
DA:74,0
DA:89,0
DA:90,0
DA:93,0
DA:94,0
DA:95,0
DA:98,0
DA:99,0
DA:110,0
DA:121,0
DA:123,0
DA:134,0
DA:146,0
DA:147,0
DA:154,0
DA:155,0
DA:156,0
DA:157,0
DA:158,0
DA:160,0
DA:161,0
DA:167,0
DA:170,0
DA:176,0
DA:177,0
DA:178,0
DA:185,0
DA:191,0
DA:192,0
DA:193,0
DA:200,0
DA:213,0
DA:214,0
DA:215,0
DA:222,0
DA:229,0
DA:231,0
DA:248,0
DA:249,0
LF:62
LH:0
BRDA:11,0,0,0
BRDA:11,1,0,0
BRDA:11,1,1,0
BRDA:27,2,0,0
BRDA:49,3,0,0
BRDA:65,4,0,0
BRDA:89,5,0,0
BRDA:94,6,0,0
BRDA:94,6,1,0
BRDA:95,7,0,0
BRDA:95,7,1,0
BRDA:98,8,0,0
BRDA:98,9,0,0
BRDA:98,9,1,0
BRDA:105,10,0,0
BRDA:105,10,1,0
BRDA:105,11,0,0
BRDA:105,11,1,0
BRDA:105,12,0,0
BRDA:105,12,1,0
BRDA:110,13,0,0
BRDA:110,13,1,0
BRDA:114,14,0,0
BRDA:114,14,1,0
BRDA:114,15,0,0
BRDA:114,15,1,0
BRDA:114,16,0,0
BRDA:114,16,1,0
BRDA:115,17,0,0
BRDA:115,17,1,0
BRDA:130,18,0,0
BRDA:130,18,1,0
BRDA:131,19,0,0
BRDA:131,19,1,0
BRDA:134,20,0,0
BRDA:134,20,1,0
BRDA:136,21,0,0
BRDA:136,21,1,0
BRDA:136,22,0,0
BRDA:136,22,1,0
BRDA:136,23,0,0
BRDA:136,23,1,0
BRDA:137,24,0,0
BRDA:137,24,1,0
BRDA:138,25,0,0
BRDA:138,25,1,0
BRDA:140,26,0,0
BRDA:140,26,1,0
BRDA:160,27,0,0
BRDA:160,28,0,0
BRDA:160,28,1,0
BRDA:160,28,2,0
BRDA:176,29,0,0
BRDA:191,30,0,0
BRDA:207,31,0,0
BRDA:207,31,1,0
BRDA:213,32,0,0
BRF:57
BRH:0
end_of_record
TN:
SF:src\app\api\cron\weekly-matching\route.ts
FN:5,POST
FN:39,(anonymous_4)
FN:75,(anonymous_5)
FN:82,(anonymous_6)
FN:131,(anonymous_7)
FN:141,(anonymous_8)
FN:173,GET
FNF:7
FNH:0
FNDA:0,POST
FNDA:0,(anonymous_4)
FNDA:0,(anonymous_5)
FNDA:0,(anonymous_6)
FNDA:0,(anonymous_7)
FNDA:0,(anonymous_8)
FNDA:0,GET
DA:1,0
DA:2,0
DA:5,0
DA:6,0
DA:7,0
DA:10,0
DA:17,0
DA:18,0
DA:19,0
DA:22,0
DA:23,0
DA:36,0
DA:39,0
DA:40,0
DA:41,0
DA:42,0
DA:44,0
DA:45,0
DA:49,0
DA:50,0
DA:51,0
DA:53,0
DA:54,0
DA:56,0
DA:58,0
DA:69,0
DA:70,0
DA:71,0
DA:75,0
DA:82,0
DA:89,0
DA:93,0
DA:94,0
DA:95,0
DA:99,0
DA:101,0
DA:114,0
DA:124,0
DA:125,0
DA:128,0
DA:131,0
DA:141,0
DA:146,0
DA:149,0
DA:150,0
DA:151,0
DA:162,0
DA:165,0
DA:173,0
DA:174,0
DA:175,0
DA:178,0
DA:185,0
DA:186,0
DA:190,0
DA:195,0
DA:196,0
DA:199,0
DA:209,0
DA:210,0
LF:60
LH:0
BRDA:17,0,0,0
BRDA:22,1,0,0
BRDA:22,2,0,0
BRDA:22,2,1,0
BRDA:25,3,0,0
BRDA:25,3,1,0
BRDA:40,4,0,0
BRDA:40,4,1,0
BRDA:41,5,0,0
BRDA:51,6,0,0
BRDA:56,7,0,0
BRDA:69,8,0,0
BRDA:78,9,0,0
BRDA:78,9,1,0
BRDA:93,10,0,0
BRDA:124,11,0,0
BRDA:140,12,0,0
BRDA:140,12,1,0
BRDA:159,13,0,0
BRDA:159,13,1,0
BRDA:185,14,0,0
BRDA:185,15,0,0
BRDA:185,15,1,0
BRDA:195,16,0,0
BRDA:201,17,0,0
BRDA:201,17,1,0
BRDA:203,18,0,0
BRDA:203,18,1,0
BRDA:204,19,0,0
BRDA:204,19,1,0
BRF:30
BRH:0
end_of_record
TN:
SF:src\app\api\dashboard\route.ts
FN:5,GET
FN:81,(anonymous_2)
FN:99,(anonymous_3)
FN:145,(anonymous_4)
FN:147,(anonymous_5)
FN:156,(anonymous_6)
FN:172,(anonymous_7)
FN:186,(anonymous_8)
FNF:8
FNH:0
FNDA:0,GET
FNDA:0,(anonymous_2)
FNDA:0,(anonymous_3)
FNDA:0,(anonymous_4)
FNDA:0,(anonymous_5)
FNDA:0,(anonymous_6)
FNDA:0,(anonymous_7)
FNDA:0,(anonymous_8)
DA:1,0
DA:2,0
DA:5,0
DA:6,0
DA:7,0
DA:8,0
DA:10,0
DA:12,0
DA:13,0
DA:19,0
DA:22,0
DA:50,0
DA:51,0
DA:52,0
DA:59,0
DA:81,0
DA:82,0
DA:99,0
DA:100,0
DA:119,0
DA:141,0
DA:145,0
DA:148,0
DA:149,0
DA:150,0
DA:156,0
DA:172,0
DA:186,0
DA:226,0
DA:228,0
DA:234,0
DA:235,0
LF:32
LH:0
BRDA:12,0,0,0
BRDA:50,1,0,0
BRDA:50,2,0,0
BRDA:50,2,1,0
BRDA:81,3,0,0
BRDA:81,3,1,0
BRDA:99,4,0,0
BRDA:99,4,1,0
BRDA:143,5,0,0
BRDA:143,5,1,0
BRDA:144,6,0,0
BRDA:144,6,1,0
BRDA:145,7,0,0
BRDA:145,7,1,0
BRDA:147,8,0,0
BRDA:147,8,1,0
BRDA:148,9,0,0
BRDA:148,9,1,0
BRDA:154,10,0,0
BRDA:154,10,1,0
BRDA:156,11,0,0
BRDA:156,11,1,0
BRDA:158,12,0,0
BRDA:158,12,1,0
BRDA:160,13,0,0
BRDA:160,13,1,0
BRDA:160,13,2,0
BRDA:161,14,0,0
BRDA:161,14,1,0
BRDA:161,14,2,0
BRDA:163,15,0,0
BRDA:163,15,1,0
BRDA:165,16,0,0
BRDA:165,16,1,0
BRDA:166,17,0,0
BRDA:166,17,1,0
BRDA:168,18,0,0
BRDA:168,18,1,0
BRDA:169,19,0,0
BRDA:169,19,1,0
BRDA:172,20,0,0
BRDA:172,20,1,0
BRDA:174,21,0,0
BRDA:174,21,1,0
BRDA:178,22,0,0
BRDA:178,22,1,0
BRDA:179,23,0,0
BRDA:179,23,1,0
BRDA:186,24,0,0
BRDA:186,24,1,0
BRF:50
BRH:0
end_of_record
TN:
SF:src\app\api\matches\route.ts
FN:9,GET
FN:46,(anonymous_4)
FN:80,(anonymous_5)
FN:130,(anonymous_6)
FN:148,POST
FNF:5
FNH:0
FNDA:0,GET
FNDA:0,(anonymous_4)
FNDA:0,(anonymous_5)
FNDA:0,(anonymous_6)
FNDA:0,POST
DA:1,0
DA:2,0
DA:4,0
DA:9,0
DA:10,0
DA:11,0
DA:15,0
DA:18,0
DA:26,0
DA:27,0
DA:28,0
DA:35,0
DA:41,0
DA:42,0
DA:46,0
DA:48,0
DA:51,0
DA:56,0
DA:57,0
DA:61,0
DA:62,0
DA:66,0
DA:67,0
DA:71,0
DA:74,0
DA:77,0
DA:78,0
DA:80,0
DA:81,0
DA:83,0
DA:84,0
DA:89,0
DA:90,0
DA:91,0
DA:94,0
DA:106,0
DA:109,0
DA:130,0
DA:132,0
DA:134,0
DA:140,0
DA:141,0
DA:148,0
DA:149,0
DA:151,0
DA:152,0
DA:154,0
DA:155,0
DA:161,0
DA:163,0
DA:165,0
DA:167,0
DA:181,0
DA:182,0
DA:183,0
DA:190,0
DA:196,0
DA:202,0
DA:203,0
DA:204,0
DA:211,0
DA:228,0
DA:229,0
DA:230,0
DA:236,0
DA:243,0
DA:248,0
DA:249,0
LF:68
LH:0
BRDA:26,0,0,0
BRDA:41,1,0,0
BRDA:46,2,0,0
BRDA:46,2,1,0
BRDA:51,3,0,0
BRDA:56,4,0,0
BRDA:61,5,0,0
BRDA:61,6,0,0
BRDA:61,6,1,0
BRDA:66,7,0,0
BRDA:66,8,0,0
BRDA:66,8,1,0
BRDA:78,9,0,0
BRDA:81,10,0,0
BRDA:81,10,1,0
BRDA:83,11,0,0
BRDA:90,12,0,0
BRDA:90,12,1,0
BRDA:90,13,0,0
BRDA:90,13,1,0
BRDA:106,14,0,0
BRDA:106,14,1,0
BRDA:119,15,0,0
BRDA:119,15,1,0
BRDA:165,16,0,0
BRDA:165,17,0,0
BRDA:165,17,1,0
BRDA:181,18,0,0
BRDA:202,19,0,0
BRDA:202,20,0,0
BRDA:202,20,1,0
BRDA:203,21,0,0
BRDA:203,21,1,0
BRDA:228,22,0,0
BRF:34
BRH:0
end_of_record
TN:
SF:src\app\api\matching\find-groups\route.ts
FN:6,POST
FN:103,calculateGroupMatches
FN:109,(anonymous_3)
FN:112,(anonymous_4)
FN:115,(anonymous_5)
FN:131,(anonymous_6)
FN:135,(anonymous_7)
FN:153,(anonymous_8)
FN:158,calculateCompatibility
FN:222,calculateCareerStageCompatibility
FN:224,(anonymous_11)
FN:245,calculateInterestsCompatibility
FN:255,(anonymous_13)
FN:261,(anonymous_14)
FN:276,(anonymous_15)
FN:277,(anonymous_16)
FN:288,getRelatedSpecialties
FN:305,calculateGroupDiversity
FN:306,(anonymous_19)
FN:307,(anonymous_20)
FN:308,(anonymous_21)
FN:308,(anonymous_22)
FN:318,generateMatchReason
FN:335,(anonymous_24)
FN:342,(anonymous_25)
FN:356,determineMeetingPreference
FN:357,(anonymous_27)
FN:367,determineGroupLocation
FN:368,(anonymous_29)
FN:372,(anonymous_30)
FN:377,(anonymous_31)
FN:380,generateGroupDescription
FN:389,getSpecialtyMix
FN:390,(anonymous_34)
FN:391,(anonymous_35)
FN:396,(anonymous_36)
FN:403,getAgeRange
FN:404,(anonymous_38)
FN:410,(anonymous_39)
FN:414,getLocationSpread
FN:415,(anonymous_41)
FN:425,getCurrentWeek
FN:432,createGroupMatch
FN:436,(anonymous_44)
FN:454,(anonymous_45)
FN:482,calculateCommonInterests
FN:485,(anonymous_47)
FN:490,(anonymous_48)
FN:500,(anonymous_49)
FN:501,(anonymous_50)
FN:503,(anonymous_51)
FN:506,generateGroupName
FNF:52
FNH:0
FNDA:0,POST
FNDA:0,calculateGroupMatches
FNDA:0,(anonymous_3)
FNDA:0,(anonymous_4)
FNDA:0,(anonymous_5)
FNDA:0,(anonymous_6)
FNDA:0,(anonymous_7)
FNDA:0,(anonymous_8)
FNDA:0,calculateCompatibility
FNDA:0,calculateCareerStageCompatibility
FNDA:0,(anonymous_11)
FNDA:0,calculateInterestsCompatibility
FNDA:0,(anonymous_13)
FNDA:0,(anonymous_14)
FNDA:0,(anonymous_15)
FNDA:0,(anonymous_16)
FNDA:0,getRelatedSpecialties
FNDA:0,calculateGroupDiversity
FNDA:0,(anonymous_19)
FNDA:0,(anonymous_20)
FNDA:0,(anonymous_21)
FNDA:0,(anonymous_22)
FNDA:0,generateMatchReason
FNDA:0,(anonymous_24)
FNDA:0,(anonymous_25)
FNDA:0,determineMeetingPreference
FNDA:0,(anonymous_27)
FNDA:0,determineGroupLocation
FNDA:0,(anonymous_29)
FNDA:0,(anonymous_30)
FNDA:0,(anonymous_31)
FNDA:0,generateGroupDescription
FNDA:0,getSpecialtyMix
FNDA:0,(anonymous_34)
FNDA:0,(anonymous_35)
FNDA:0,(anonymous_36)
FNDA:0,getAgeRange
FNDA:0,(anonymous_38)
FNDA:0,(anonymous_39)
FNDA:0,getLocationSpread
FNDA:0,(anonymous_41)
FNDA:0,getCurrentWeek
FNDA:0,createGroupMatch
FNDA:0,(anonymous_44)
FNDA:0,(anonymous_45)
FNDA:0,calculateCommonInterests
FNDA:0,(anonymous_47)
FNDA:0,(anonymous_48)
FNDA:0,(anonymous_49)
FNDA:0,(anonymous_50)
FNDA:0,(anonymous_51)
FNDA:0,generateGroupName
DA:1,0
DA:2,0
DA:6,0
DA:7,0
DA:8,0
DA:11,0
DA:12,0
DA:13,0
DA:19,0
DA:21,0
DA:22,0
DA:28,0
DA:31,0
DA:32,0
DA:42,0
DA:43,0
DA:44,0
DA:50,0
DA:53,0
DA:54,0
DA:67,0
DA:68,0
DA:69,0
DA:75,0
DA:78,0
DA:80,0
DA:82,0
DA:91,0
DA:92,0
DA:104,0
DA:105,0
DA:106,0
DA:109,0
DA:112,0
DA:115,0
DA:118,0
DA:120,0
DA:121,0
DA:123,0
DA:124,0
DA:127,0
DA:128,0
DA:131,0
DA:132,0
DA:135,0
DA:136,0
DA:139,0
DA:140,0
DA:141,0
DA:146,0
DA:147,0
DA:148,0
DA:153,0
DA:159,0
DA:160,0
DA:163,0
DA:164,0
DA:165,0
DA:168,0
DA:169,0
DA:170,0
DA:172,0
DA:175,0
DA:179,0
DA:180,0
DA:181,0
DA:182,0
DA:183,0
DA:184,0
DA:185,0
DA:187,0
DA:189,0
DA:193,0
DA:194,0
DA:195,0
DA:196,0
DA:197,0
DA:198,0
DA:199,0
DA:200,0
DA:201,0
DA:202,0
DA:204,0
DA:206,0
DA:210,0
DA:211,0
DA:212,0
DA:215,0
DA:216,0
DA:217,0
DA:219,0
DA:224,0
DA:225,0
DA:226,0
DA:228,0
DA:229,0
DA:230,0
DA:231,0
DA:234,0
DA:235,0
DA:237,0
DA:238,0
DA:240,0
DA:242,0
DA:246,0
DA:248,0
DA:252,0
DA:253,0
DA:255,0
DA:256,0
DA:257,0
DA:261,0
DA:262,0
DA:263,0
DA:268,0
DA:269,0
DA:270,0
DA:276,0
DA:277,0
DA:279,0
DA:280,0
DA:281,0
DA:289,0
DA:302,0
DA:306,0
DA:307,0
DA:308,0
DA:310,0
DA:315,0
DA:319,0
DA:321,0
DA:322,0
DA:323,0
DA:324,0
DA:326,0
DA:329,0
DA:330,0
DA:331,0
DA:332,0
DA:335,0
DA:336,0
DA:337,0
DA:338,0
DA:339,0
DA:342,0
DA:343,0
DA:344,0
DA:345,0
DA:346,0
DA:349,0
DA:350,0
DA:353,0
DA:357,0
DA:358,0
DA:359,0
DA:360,0
DA:361,0
DA:363,0
DA:368,0
DA:369,0
DA:372,0
DA:373,0
DA:374,0
DA:377,0
DA:381,0
DA:382,0
DA:386,0
DA:390,0
DA:391,0
DA:392,0
DA:393,0
DA:396,0
DA:404,0
DA:405,0
DA:407,0
DA:410,0
DA:415,0
DA:416,0
DA:418,0
DA:426,0
DA:427,0
DA:428,0
DA:429,0
DA:433,0
DA:434,0
DA:435,0
DA:436,0
DA:440,0
DA:443,0
DA:446,0
DA:449,0
DA:451,0
DA:454,0
DA:483,0
DA:485,0
DA:486,0
DA:487,0
DA:490,0
DA:491,0
DA:492,0
DA:493,0
DA:499,0
DA:500,0
DA:501,0
DA:503,0
DA:507,0
DA:508,0
DA:511,0
DA:512,0
DA:515,0
DA:530,0
LF:211
LH:0
BRDA:11,0,0,0
BRDA:21,1,0,0
BRDA:21,2,0,0
BRDA:21,2,1,0
BRDA:42,3,0,0
BRDA:67,4,0,0
BRDA:75,5,0,0
BRDA:75,5,1,0
BRDA:78,6,0,0
BRDA:78,6,1,0
BRDA:96,7,0,0
BRDA:96,7,1,0
BRDA:105,8,0,0
BRDA:105,8,1,0
BRDA:106,9,0,0
BRDA:106,9,1,0
BRDA:120,10,0,0
BRDA:120,10,1,0
BRDA:121,11,0,0
BRDA:127,12,0,0
BRDA:127,12,1,0
BRDA:128,13,0,0
BRDA:139,14,0,0
BRDA:139,15,0,0
BRDA:139,15,1,0
BRDA:146,16,0,0
BRDA:163,17,0,0
BRDA:163,18,0,0
BRDA:163,18,1,0
BRDA:164,19,0,0
BRDA:164,19,1,0
BRDA:169,20,0,0
BRDA:169,20,1,0
BRDA:179,21,0,0
BRDA:179,22,0,0
BRDA:179,22,1,0
BRDA:180,23,0,0
BRDA:180,23,1,0
BRDA:182,24,0,0
BRDA:182,24,1,0
BRDA:184,25,0,0
BRDA:184,25,1,0
BRDA:193,26,0,0
BRDA:193,27,0,0
BRDA:193,27,1,0
BRDA:195,28,0,0
BRDA:195,28,1,0
BRDA:197,29,0,0
BRDA:197,29,1,0
BRDA:199,30,0,0
BRDA:199,30,1,0
BRDA:201,31,0,0
BRDA:201,31,1,0
BRDA:219,32,0,0
BRDA:219,32,1,0
BRDA:225,33,0,0
BRDA:225,33,1,0
BRDA:226,34,0,0
BRDA:226,34,1,0
BRDA:228,35,0,0
BRDA:228,36,0,0
BRDA:228,36,1,0
BRDA:229,37,0,0
BRDA:229,38,0,0
BRDA:229,38,1,0
BRDA:230,39,0,0
BRDA:230,40,0,0
BRDA:230,40,1,0
BRDA:237,41,0,0
BRDA:238,42,0,0
BRDA:246,43,0,0
BRDA:246,44,0,0
BRDA:246,44,1,0
BRDA:256,45,0,0
BRDA:256,46,0,0
BRDA:256,46,1,0
BRDA:262,47,0,0
BRDA:262,48,0,0
BRDA:262,48,1,0
BRDA:269,49,0,0
BRDA:280,50,0,0
BRDA:302,51,0,0
BRDA:302,51,1,0
BRDA:321,52,0,0
BRDA:321,52,1,0
BRDA:323,53,0,0
BRDA:323,53,1,0
BRDA:329,54,0,0
BRDA:329,54,1,0
BRDA:331,55,0,0
BRDA:332,56,0,0
BRDA:332,56,1,0
BRDA:336,57,0,0
BRDA:336,57,1,0
BRDA:338,58,0,0
BRDA:343,59,0,0
BRDA:343,59,1,0
BRDA:345,60,0,0
BRDA:349,61,0,0
BRDA:358,62,0,0
BRDA:358,62,1,0
BRDA:360,63,0,0
BRDA:360,63,1,0
BRDA:369,64,0,0
BRDA:373,65,0,0
BRDA:373,65,1,0
BRDA:381,66,0,0
BRDA:381,66,1,0
BRDA:382,67,0,0
BRDA:382,67,1,0
BRDA:392,68,0,0
BRDA:392,68,1,0
BRDA:405,69,0,0
BRDA:457,70,0,0
BRDA:457,70,1,0
BRDA:458,71,0,0
BRDA:458,71,1,0
BRDA:459,72,0,0
BRDA:459,72,1,0
BRDA:460,73,0,0
BRDA:460,73,1,0
BRDA:486,74,0,0
BRDA:486,74,1,0
BRDA:487,75,0,0
BRDA:491,76,0,0
BRDA:491,77,0,0
BRDA:491,77,1,0
BRDA:493,78,0,0
BRDA:493,78,1,0
BRDA:507,79,0,0
BRDA:512,80,0,0
BRDA:512,80,1,0
BRDA:530,81,0,0
BRDA:530,81,1,0
BRF:134
BRH:0
end_of_record
TN:
SF:src\app\api\matching\join-group\route.ts
FN:4,POST
FN:93,(anonymous_2)
FN:143,(anonymous_3)
FNF:3
FNH:0
FNDA:0,POST
FNDA:0,(anonymous_2)
FNDA:0,(anonymous_3)
DA:1,0
DA:2,0
DA:4,0
DA:5,0
DA:6,0
DA:7,0
DA:9,0
DA:10,0
DA:16,0
DA:19,0
DA:25,0
DA:26,0
DA:27,0
DA:34,0
DA:43,0
DA:44,0
DA:45,0
DA:52,0
DA:53,0
DA:55,0
DA:66,0
DA:67,0
DA:68,0
DA:75,0
DA:83,0
DA:84,0
DA:85,0
DA:92,0
DA:93,0
DA:99,0
DA:103,0
DA:104,0
DA:106,0
DA:108,0
DA:113,0
DA:119,0
DA:120,0
DA:131,0
DA:132,0
DA:133,0
DA:135,0
DA:138,0
DA:141,0
DA:142,0
DA:143,0
DA:145,0
DA:156,0
DA:157,0
LF:48
LH:0
BRDA:9,0,0,0
BRDA:9,1,0,0
BRDA:9,1,1,0
BRDA:25,2,0,0
BRDA:43,3,0,0
BRDA:52,4,0,0
BRDA:52,4,1,0
BRDA:66,5,0,0
BRDA:83,6,0,0
BRDA:92,7,0,0
BRDA:103,8,0,0
BRDA:103,8,1,0
BRDA:119,9,0,0
BRDA:119,9,1,0
BRDA:131,10,0,0
BRDA:131,10,1,0
BRF:16
BRH:0
end_of_record
TN:
SF:src\app\api\matching\pass-group\route.ts
FN:4,POST
FNF:1
FNH:0
FNDA:0,POST
DA:1,0
DA:2,0
DA:4,0
DA:5,0
DA:6,0
DA:7,0
DA:9,0
DA:10,0
DA:16,0
DA:22,0
DA:24,0
DA:32,0
DA:33,0
LF:13
LH:0
BRDA:9,0,0,0
BRDA:9,1,0,0
BRDA:9,1,1,0
BRF:3
BRH:0
end_of_record
TN:
SF:src\app\api\matching\weekly\route.ts
FN:4,POST
FN:73,(anonymous_4)
FN:80,(anonymous_5)
FN:81,(anonymous_6)
FN:85,(anonymous_7)
FN:100,createMatchingGroups
FN:106,(anonymous_9)
FN:122,(anonymous_10)
FN:187,createChatRooms
FN:196,(anonymous_12)
FN:214,sendMatchingNotifications
FN:242,calculateCompatibility
FN:246,(anonymous_15)
FN:250,(anonymous_16)
FN:254,(anonymous_17)
FN:259,(anonymous_18)
FN:261,(anonymous_19)
FN:274,GET
FN:336,getCurrentWeek
FN:343,getWeekStartDate
FN:351,getWeekEndDate
FNF:21
FNH:0
FNDA:0,POST
FNDA:0,(anonymous_4)
FNDA:0,(anonymous_5)
FNDA:0,(anonymous_6)
FNDA:0,(anonymous_7)
FNDA:0,createMatchingGroups
FNDA:0,(anonymous_9)
FNDA:0,(anonymous_10)
FNDA:0,createChatRooms
FNDA:0,(anonymous_12)
FNDA:0,sendMatchingNotifications
FNDA:0,calculateCompatibility
FNDA:0,(anonymous_15)
FNDA:0,(anonymous_16)
FNDA:0,(anonymous_17)
FNDA:0,(anonymous_18)
FNDA:0,(anonymous_19)
FNDA:0,GET
FNDA:0,getCurrentWeek
FNDA:0,getWeekStartDate
FNDA:0,getWeekEndDate
DA:1,0
DA:2,0
DA:4,0
DA:5,0
DA:6,0
DA:7,0
DA:10,0
DA:34,0
DA:35,0
DA:36,0
DA:42,0
DA:43,0
DA:44,0
DA:51,0
DA:54,0
DA:56,0
DA:57,0
DA:58,0
DA:65,0
DA:68,0
DA:70,0
DA:71,0
DA:72,0
DA:73,0
DA:75,0
DA:80,0
DA:81,0
DA:85,0
DA:92,0
DA:93,0
DA:101,0
DA:102,0
DA:103,0
DA:106,0
DA:108,0
DA:109,0
DA:112,0
DA:115,0
DA:116,0
DA:119,0
DA:122,0
DA:123,0
DA:127,0
DA:130,0
DA:131,0
DA:133,0
DA:145,0
DA:146,0
DA:147,0
DA:151,0
DA:152,0
DA:153,0
DA:165,0
DA:166,0
DA:167,0
DA:170,0
DA:171,0
DA:174,0
DA:175,0
DA:184,0
DA:188,0
DA:190,0
DA:191,0
DA:196,0
DA:203,0
DA:204,0
DA:205,0
DA:208,0
DA:211,0
DA:215,0
DA:216,0
DA:217,0
DA:231,0
DA:235,0
DA:236,0
DA:243,0
DA:246,0
DA:247,0
DA:250,0
DA:251,0
DA:254,0
DA:255,0
DA:258,0
DA:259,0
DA:260,0
DA:261,0
DA:263,0
DA:267,0
DA:268,0
DA:271,0
DA:274,0
DA:275,0
DA:276,0
DA:277,0
DA:278,0
DA:279,0
DA:281,0
DA:284,0
DA:285,0
DA:287,0
DA:312,0
DA:313,0
DA:314,0
DA:320,0
DA:321,0
DA:328,0
DA:329,0
DA:337,0
DA:338,0
DA:339,0
DA:340,0
DA:344,0
DA:345,0
DA:346,0
DA:347,0
DA:348,0
DA:352,0
DA:353,0
DA:354,0
LF:119
LH:0
BRDA:34,0,0,0
BRDA:42,1,0,0
BRDA:42,2,0,0
BRDA:42,2,1,0
BRDA:47,3,0,0
BRDA:47,3,1,0
BRDA:56,4,0,0
BRDA:108,5,0,0
BRDA:108,6,0,0
BRDA:108,6,1,0
BRDA:109,7,0,0
BRDA:109,8,0,0
BRDA:109,8,1,0
BRDA:119,9,0,0
BRDA:123,10,0,0
BRDA:123,10,1,0
BRDA:127,11,0,0
BRDA:145,12,0,0
BRDA:165,13,0,0
BRDA:174,14,0,0
BRDA:203,15,0,0
BRDA:235,16,0,0
BRDA:258,17,0,0
BRDA:258,18,0,0
BRDA:258,18,1,0
BRDA:260,19,0,0
BRDA:260,19,1,0
BRDA:260,19,2,0
BRDA:267,20,0,0
BRDA:284,21,0,0
BRDA:284,21,1,0
BRDA:285,22,0,0
BRDA:285,22,1,0
BRDA:312,23,0,0
BRDA:320,24,0,0
BRDA:320,24,1,0
BRDA:323,25,0,0
BRDA:323,25,1,0
BRF:38
BRH:0
end_of_record
TN:
SF:src\app\api\notifications\route.ts
FN:4,GET
FN:79,PATCH
FN:133,POST
FNF:3
FNH:0
FNDA:0,GET
FNDA:0,PATCH
FNDA:0,POST
DA:1,0
DA:2,0
DA:4,0
DA:5,0
DA:6,0
DA:7,0
DA:8,0
DA:9,0
DA:10,0
DA:12,0
DA:13,0
DA:19,0
DA:22,0
DA:28,0
DA:29,0
DA:30,0
DA:37,0
DA:45,0
DA:46,0
DA:49,0
DA:50,0
DA:53,0
DA:55,0
DA:56,0
DA:57,0
DA:63,0
DA:64,0
DA:71,0
DA:72,0
DA:79,0
DA:80,0
DA:81,0
DA:82,0
DA:83,0
DA:85,0
DA:86,0
DA:92,0
DA:94,0
DA:95,0
DA:96,0
DA:97,0
DA:98,0
DA:102,0
DA:109,0
DA:110,0
DA:111,0
DA:117,0
DA:118,0
DA:125,0
DA:126,0
DA:133,0
DA:134,0
DA:135,0
DA:136,0
DA:137,0
DA:139,0
DA:140,0
DA:146,0
DA:149,0
DA:155,0
DA:156,0
DA:157,0
DA:164,0
DA:173,0
DA:179,0
DA:180,0
DA:181,0
DA:187,0
DA:188,0
DA:195,0
DA:196,0
LF:71
LH:0
BRDA:12,0,0,0
BRDA:28,1,0,0
BRDA:45,2,0,0
BRDA:49,3,0,0
BRDA:55,4,0,0
BRDA:63,5,0,0
BRDA:63,5,1,0
BRDA:66,6,0,0
BRDA:66,6,1,0
BRDA:85,7,0,0
BRDA:85,8,0,0
BRDA:85,8,1,0
BRDA:95,9,0,0
BRDA:97,10,0,0
BRDA:109,11,0,0
BRDA:139,12,0,0
BRDA:139,13,0,0
BRDA:139,13,1,0
BRDA:139,13,2,0
BRDA:155,14,0,0
BRDA:168,15,0,0
BRDA:168,15,1,0
BRDA:168,16,0,0
BRDA:168,16,1,0
BRDA:179,17,0,0
BRF:25
BRH:0
end_of_record
TN:
SF:src\app\api\payments\create-checkout\route.ts
FN:8,POST
FNF:1
FNH:0
FNDA:0,POST
DA:1,0
DA:2,0
DA:4,0
DA:8,0
DA:9,0
DA:10,0
DA:11,0
DA:14,0
DA:15,0
DA:22,0
DA:29,0
DA:30,0
DA:31,0
DA:38,0
DA:76,0
DA:81,0
DA:83,0
DA:84,0
DA:90,0
LF:19
LH:0
BRDA:14,0,0,0
BRDA:14,1,0,0
BRDA:14,1,1,0
BRDA:14,1,2,0
BRDA:30,2,0,0
BRDA:83,3,0,0
BRF:6
BRH:0
end_of_record
TN:
SF:src\app\api\payments\webhook\route.ts
FN:10,POST
FN:67,handleCheckoutSessionCompleted
FN:87,handleSubscriptionCreated
FN:105,handleSubscriptionUpdated
FN:119,handleSubscriptionDeleted
FN:131,handlePaymentSucceeded
FN:142,handlePaymentFailed
FNF:7
FNH:0
FNDA:0,POST
FNDA:0,handleCheckoutSessionCompleted
FNDA:0,handleSubscriptionCreated
FNDA:0,handleSubscriptionUpdated
FNDA:0,handleSubscriptionDeleted
FNDA:0,handlePaymentSucceeded
FNDA:0,handlePaymentFailed
DA:1,0
DA:2,0
DA:4,0
DA:8,0
DA:10,0
DA:11,0
DA:12,0
DA:13,0
DA:17,0
DA:18,0
DA:20,0
DA:21,0
DA:28,0
DA:30,0
DA:31,0
DA:34,0
DA:35,0
DA:38,0
DA:39,0
DA:42,0
DA:43,0
DA:46,0
DA:47,0
DA:50,0
DA:51,0
DA:54,0
DA:57,0
DA:59,0
DA:60,0
DA:68,0
DA:71,0
DA:72,0
DA:73,0
DA:75,0
DA:78,0
DA:88,0
DA:91,0
DA:92,0
DA:94,0
DA:96,0
DA:106,0
DA:109,0
DA:110,0
DA:112,0
DA:120,0
DA:123,0
DA:125,0
DA:132,0
DA:135,0
DA:137,0
DA:138,0
DA:143,0
DA:146,0
DA:147,0
DA:149,0
DA:150,0
LF:56
LH:0
BRDA:28,0,0,0
BRDA:28,0,1,0
BRDA:28,0,2,0
BRDA:28,0,3,0
BRDA:28,0,4,0
BRDA:28,0,5,0
BRDA:28,0,6,0
BRDA:75,1,0,0
BRDA:75,2,0,0
BRDA:75,2,1,0
BRDA:75,2,2,0
BRDA:94,3,0,0
BRDA:94,4,0,0
BRDA:94,4,1,0
BRDA:137,5,0,0
BRDA:149,6,0,0
BRDA:149,7,0,0
BRDA:149,7,1,0
BRF:18
BRH:0
end_of_record
TN:
SF:src\app\api\verification\route.ts
FN:4,POST
FN:109,GET
FNF:2
FNH:0
FNDA:0,POST
FNDA:0,GET
DA:1,0
DA:2,0
DA:4,0
DA:5,0
DA:6,0
DA:7,0
DA:8,0
DA:10,0
DA:11,0
DA:17,0
DA:20,0
DA:26,0
DA:27,0
DA:28,0
DA:35,0
DA:41,0
DA:48,0
DA:50,0
DA:53,0
DA:60,0
DA:61,0
DA:62,0
DA:68,0
DA:69,0
DA:76,0
DA:78,0
DA:84,0
DA:85,0
DA:86,0
DA:92,0
DA:93,0
DA:101,0
DA:102,0
DA:109,0
DA:110,0
DA:111,0
DA:112,0
DA:113,0
DA:115,0
DA:116,0
DA:122,0
DA:125,0
DA:131,0
DA:132,0
DA:133,0
DA:140,0
DA:146,0
DA:147,0
DA:148,0
DA:154,0
DA:155,0
DA:162,0
DA:163,0
LF:53
LH:0
BRDA:10,0,0,0
BRDA:10,1,0,0
BRDA:10,1,1,0
BRDA:10,1,2,0
BRDA:26,2,0,0
BRDA:48,3,0,0
BRDA:48,3,1,0
BRDA:60,4,0,0
BRDA:84,5,0,0
BRDA:115,6,0,0
BRDA:131,7,0,0
BRDA:146,8,0,0
BRDA:146,9,0,0
BRDA:146,9,1,0
BRDA:157,10,0,0
BRDA:157,10,1,0
BRF:16
BRH:0
end_of_record
TN:
SF:src\app\auth-debug\page.tsx
FN:9,AuthDebugPage
FN:17,(anonymous_2)
FN:18,(anonymous_3)
FN:51,(anonymous_4)
FN:57,(anonymous_5)
FN:60,(anonymous_6)
FN:64,(anonymous_7)
FN:139,(anonymous_8)
FNF:8
FNH:0
FNDA:0,AuthDebugPage
FNDA:0,(anonymous_2)
FNDA:0,(anonymous_3)
FNDA:0,(anonymous_4)
FNDA:0,(anonymous_5)
FNDA:0,(anonymous_6)
FNDA:0,(anonymous_7)
FNDA:0,(anonymous_8)
DA:3,0
DA:4,0
DA:5,0
DA:6,0
DA:7,0
DA:9,0
DA:10,0
DA:11,0
DA:12,0
DA:13,0
DA:14,0
DA:15,0
DA:17,0
DA:18,0
DA:19,0
DA:21,0
DA:22,0
DA:23,0
DA:25,0
DA:27,0
DA:28,0
DA:31,0
DA:37,0
DA:38,0
DA:39,0
DA:42,0
DA:44,0
DA:48,0
DA:51,0
DA:52,0
DA:53,0
DA:54,0
DA:57,0
DA:60,0
DA:61,0
DA:64,0
DA:65,0
DA:66,0
DA:67,0
DA:68,0
DA:71,0
DA:139,0
LF:42
LH:0
BRDA:27,0,0,0
BRDA:54,1,0,0
BRDA:54,1,1,0
BRDA:71,2,0,0
BRDA:125,3,0,0
BRDA:125,3,1,0
BRDA:126,4,0,0
BRDA:126,4,1,0
BRDA:134,5,0,0
BRF:9
BRH:0
end_of_record
TN:
SF:src\app\auth\forgot-password\page.tsx
FN:13,ForgotPasswordPage
FN:20,(anonymous_3)
FN:80,(anonymous_4)
FNF:3
FNH:3
FNDA:29,ForgotPasswordPage
FNDA:4,(anonymous_3)
FNDA:6,(anonymous_4)
DA:3,6
DA:4,6
DA:5,6
DA:6,6
DA:7,6
DA:8,6
DA:9,6
DA:10,6
DA:11,6
DA:13,15
DA:14,29
DA:15,29
DA:16,29
DA:17,29
DA:18,29
DA:20,29
DA:21,4
DA:22,4
DA:23,4
DA:24,4
DA:26,4
DA:27,4
DA:31,3
DA:32,1
DA:35,2
DA:39,2
DA:40,2
DA:42,4
DA:80,6
LF:29
LH:29
BRDA:31,0,0,1
BRDA:40,1,0,2
BRDA:40,1,1,0
BRDA:58,2,0,29
BRDA:64,3,0,29
BRDA:91,4,0,29
BRF:6
BRH:5
end_of_record
TN:
SF:src\app\auth\login\page.tsx
FN:16,LoginPage
FN:28,(anonymous_6)
FN:29,(anonymous_7)
FN:36,(anonymous_8)
FN:40,(anonymous_9)
FN:48,(anonymous_10)
FN:130,(anonymous_11)
FN:140,(anonymous_12)
FN:161,(anonymous_13)
FN:226,(anonymous_14)
FN:241,(anonymous_15)
FNF:11
FNH:8
FNDA:104,LoginPage
FNDA:6,(anonymous_6)
FNDA:0,(anonymous_7)
FNDA:6,(anonymous_8)
FNDA:6,(anonymous_9)
FNDA:4,(anonymous_10)
FNDA:0,(anonymous_11)
FNDA:1,(anonymous_12)
FNDA:0,(anonymous_13)
FNDA:4,(anonymous_14)
FNDA:4,(anonymous_15)
DA:5,6
DA:6,6
DA:7,6
DA:8,6
DA:9,6
DA:10,6
DA:11,6
DA:12,6
DA:13,6
DA:14,6
DA:16,25
DA:17,104
DA:18,100
DA:19,100
DA:20,100
DA:21,100
DA:22,100
DA:23,100
DA:24,24
DA:25,24
DA:28,24
DA:29,6
DA:30,0
DA:31,0
DA:36,6
DA:40,24
DA:41,6
DA:42,0
DA:43,6
DA:44,0
DA:48,24
DA:49,4
DA:50,4
DA:51,4
DA:54,4
DA:55,4
DA:56,4
DA:57,4
DA:58,4
DA:61,4
DA:62,0
DA:63,0
DA:64,0
DA:67,4
DA:68,0
DA:69,0
DA:70,0
DA:73,4
DA:74,0
DA:75,0
DA:76,0
DA:79,4
DA:80,4
DA:82,4
DA:87,0
DA:89,0
DA:90,0
DA:99,0
DA:100,0
DA:101,0
DA:102,0
DA:103,0
DA:104,0
DA:105,0
DA:106,0
DA:108,0
DA:110,0
DA:111,0
DA:115,0
DA:116,0
DA:117,0
DA:120,0
DA:121,0
DA:124,4
DA:125,4
DA:126,4
DA:130,24
DA:131,0
DA:136,0
DA:137,0
DA:140,24
DA:141,1
DA:142,1
DA:144,1
DA:145,1
DA:152,0
DA:154,1
DA:155,1
DA:156,1
DA:161,24
DA:162,0
DA:163,0
DA:165,0
DA:166,0
DA:168,0
DA:169,0
DA:171,0
DA:179,0
DA:180,0
DA:181,0
DA:183,0
DA:184,0
DA:187,0
DA:188,0
DA:191,0
DA:192,0
DA:194,0
DA:226,4
DA:241,4
LF:109
LH:56
BRDA:23,0,0,100
BRDA:23,0,1,19
BRDA:30,1,0,0
BRDA:30,2,0,0
BRDA:30,2,1,0
BRDA:41,3,0,0
BRDA:41,3,1,6
BRDA:43,4,0,0
BRDA:61,5,0,0
BRDA:67,6,0,0
BRDA:73,7,0,0
BRDA:89,8,0,0
BRDA:99,9,0,0
BRDA:99,9,1,0
BRDA:101,10,0,0
BRDA:101,10,1,0
BRDA:103,11,0,0
BRDA:103,11,1,0
BRDA:105,12,0,0
BRDA:105,12,1,0
BRDA:134,13,0,0
BRDA:134,13,1,0
BRDA:136,14,0,0
BRDA:136,14,1,0
BRDA:148,15,0,1
BRDA:148,15,1,0
BRDA:152,16,0,0
BRDA:179,17,0,0
BRDA:179,17,1,0
BRDA:210,18,0,24
BRDA:252,19,0,24
BRDA:257,20,0,24
BRDA:257,20,1,5
BRDA:270,21,0,24
BRDA:304,22,0,24
BRF:35
BRH:10
end_of_record
TN:
SF:src\app\auth\reset-password\page.tsx
FN:13,ResetPasswordPage
FN:23,(anonymous_2)
FN:25,(anonymous_3)
FN:45,(anonymous_4)
FN:72,(anonymous_5)
FN:116,(anonymous_6)
FN:130,(anonymous_7)
FNF:7
FNH:7
FNDA:26,ResetPasswordPage
FNDA:12,(anonymous_2)
FNDA:12,(anonymous_3)
FNDA:3,(anonymous_4)
FNDA:1,(anonymous_5)
FNDA:5,(anonymous_6)
FNDA:5,(anonymous_7)
DA:3,6
DA:4,6
DA:5,6
DA:6,6
DA:7,6
DA:8,6
DA:9,6
DA:10,6
DA:11,6
DA:13,12
DA:14,26
DA:15,26
DA:16,26
DA:17,26
DA:18,26
DA:19,26
DA:20,26
DA:21,26
DA:23,26
DA:25,12
DA:26,12
DA:27,12
DA:28,12
DA:30,12
DA:31,0
DA:36,0
DA:37,0
DA:42,12
DA:45,26
DA:46,3
DA:47,3
DA:48,3
DA:50,3
DA:51,1
DA:52,1
DA:55,2
DA:56,1
DA:57,1
DA:60,1
DA:62,1
DA:63,1
DA:67,1
DA:68,0
DA:71,1
DA:72,1
DA:73,1
DA:76,0
DA:77,0
DA:79,1
DA:116,5
DA:130,5
LF:51
LH:45
BRDA:30,0,0,0
BRDA:30,1,0,12
BRDA:30,1,1,0
BRDA:36,2,0,0
BRDA:50,3,0,1
BRDA:55,4,0,1
BRDA:67,5,0,0
BRDA:77,6,0,0
BRDA:77,6,1,0
BRDA:95,7,0,26
BRDA:101,8,0,26
BRDA:141,9,0,26
BRF:12
BRH:6
end_of_record
TN:
SF:src\app\auth\sign-up\page.tsx
FN:15,SignUpPage
FN:24,(anonymous_3)
FN:96,(anonymous_4)
FN:110,(anonymous_5)
FNF:4
FNH:4
FNDA:42,SignUpPage
FNDA:4,(anonymous_3)
FNDA:6,(anonymous_4)
FNDA:8,(anonymous_5)
DA:3,6
DA:4,6
DA:5,6
DA:6,6
DA:7,6
DA:8,6
DA:9,6
DA:10,6
DA:11,6
DA:13,6
DA:15,21
DA:16,42
DA:17,42
DA:18,42
DA:19,42
DA:20,42
DA:21,42
DA:22,42
DA:24,42
DA:25,4
DA:26,4
DA:27,4
DA:28,4
DA:30,4
DA:31,4
DA:40,4
DA:41,0
DA:42,0
DA:43,0
DA:47,4
DA:48,4
DA:49,2
DA:52,2
DA:55,0
DA:56,0
DA:58,4
DA:96,6
DA:110,8
LF:38
LH:33
BRDA:40,0,0,0
BRDA:48,1,0,2
BRDA:48,1,1,2
BRDA:74,2,0,42
BRDA:80,3,0,42
BRDA:121,4,0,42
BRF:6
BRH:5
end_of_record
TN:
SF:src\app\auth\sign-up-success\page.tsx
FN:7,SignUpSuccessPage
FNF:1
FNH:0
FNDA:0,SignUpSuccessPage
DA:1,0
DA:2,0
DA:3,0
DA:4,0
DA:5,0
DA:7,0
LF:6
LH:0
BRF:0
BRH:0
end_of_record
TN:
SF:src\app\chat-demo\page.tsx
FN:25,ChatDemo
FN:63,(anonymous_3)
FN:144,(anonymous_4)
FN:152,(anonymous_5)
FN:170,(anonymous_6)
FN:176,(anonymous_7)
FN:191,(anonymous_8)
FN:195,(anonymous_9)
FN:220,(anonymous_10)
FNF:9
FNH:0
FNDA:0,ChatDemo
FNDA:0,(anonymous_3)
FNDA:0,(anonymous_4)
FNDA:0,(anonymous_5)
FNDA:0,(anonymous_6)
FNDA:0,(anonymous_7)
FNDA:0,(anonymous_8)
FNDA:0,(anonymous_9)
FNDA:0,(anonymous_10)
DA:3,0
DA:4,0
DA:5,0
DA:6,0
DA:7,0
DA:22,0
DA:23,0
DA:25,0
DA:26,0
DA:27,0
DA:29,0
DA:63,0
DA:64,0
DA:65,0
DA:68,0
DA:145,0
DA:152,0
DA:171,0
DA:176,0
DA:191,0
DA:195,0
DA:220,0
LF:22
LH:0
BRDA:68,0,0,0
BRDA:148,1,0,0
BRDA:148,1,1,0
BRDA:180,2,0,0
BRDA:191,3,0,0
BRDA:202,4,0,0
BRF:6
BRH:0
end_of_record
TN:
SF:src\app\connection-test\page.tsx
FN:10,ConnectionTestPage
FN:18,(anonymous_2)
FN:20,(anonymous_3)
FN:23,(anonymous_4)
FN:50,(anonymous_5)
FN:54,(anonymous_6)
FN:65,(anonymous_7)
FN:78,(anonymous_8)
FN:139,(anonymous_9)
FN:165,(anonymous_10)
FNF:10
FNH:0
FNDA:0,ConnectionTestPage
FNDA:0,(anonymous_2)
FNDA:0,(anonymous_3)
FNDA:0,(anonymous_4)
FNDA:0,(anonymous_5)
FNDA:0,(anonymous_6)
FNDA:0,(anonymous_7)
FNDA:0,(anonymous_8)
FNDA:0,(anonymous_9)
FNDA:0,(anonymous_10)
DA:3,0
DA:4,0
DA:5,0
DA:6,0
DA:7,0
DA:8,0
DA:10,0
DA:11,0
DA:12,0
DA:13,0
DA:14,0
DA:16,0
DA:18,0
DA:19,0
DA:20,0
DA:23,0
DA:24,0
DA:25,0
DA:26,0
DA:27,0
DA:29,0
DA:30,0
DA:33,0
DA:38,0
DA:39,0
DA:42,0
DA:43,0
DA:46,0
DA:48,0
DA:51,0
DA:52,0
DA:55,0
DA:56,0
DA:57,0
DA:58,0
DA:59,0
DA:60,0
DA:65,0
DA:66,0
DA:67,0
DA:71,0
DA:72,0
DA:73,0
DA:74,0
DA:78,0
DA:79,0
DA:140,0
DA:165,0
LF:48
LH:0
BRDA:38,0,0,0
BRDA:55,1,0,0
BRDA:55,1,1,0
BRDA:58,2,0,0
BRDA:97,3,0,0
BRDA:98,4,0,0
BRDA:99,5,0,0
BRDA:100,6,0,0
BRDA:100,6,1,0
BRDA:101,7,0,0
BRDA:101,7,1,0
BRDA:102,8,0,0
BRDA:102,8,1,0
BRDA:103,9,0,0
BRDA:103,9,1,0
BRDA:111,10,0,0
BRDA:112,11,0,0
BRDA:113,12,0,0
BRDA:114,13,0,0
BRDA:114,13,1,0
BRDA:115,14,0,0
BRDA:115,14,1,0
BRDA:116,15,0,0
BRDA:116,15,1,0
BRDA:117,16,0,0
BRDA:117,16,1,0
BRDA:124,17,0,0
BRDA:136,18,0,0
BRDA:153,19,0,0
BRDA:153,19,1,0
BRDA:154,20,0,0
BRDA:154,20,1,0
BRF:32
BRH:0
end_of_record
TN:
SF:src\app\contact\page.tsx
FN:8,ContactPage
FNF:1
FNH:0
FNDA:0,ContactPage
DA:1,0
DA:2,0
DA:3,0
DA:4,0
DA:5,0
DA:6,0
DA:8,0
LF:7
LH:0
BRF:0
BRH:0
end_of_record
TN:
SF:src\app\dashboard\DashboardClient.tsx
FN:123,DashboardClient
FN:145,(anonymous_3)
FN:232,(anonymous_4)
FN:243,(anonymous_5)
FN:247,(anonymous_6)
FN:252,(anonymous_7)
FN:256,(anonymous_8)
FN:260,(anonymous_9)
FN:328,(anonymous_10)
FN:378,(anonymous_11)
FNF:10
FNH:0
FNDA:0,DashboardClient
FNDA:0,(anonymous_3)
FNDA:0,(anonymous_4)
FNDA:0,(anonymous_5)
FNDA:0,(anonymous_6)
FNDA:0,(anonymous_7)
FNDA:0,(anonymous_8)
FNDA:0,(anonymous_9)
FNDA:0,(anonymous_10)
FNDA:0,(anonymous_11)
DA:3,0
DA:5,0
DA:8,0
DA:10,0
DA:11,0
DA:51,0
DA:55,0
DA:56,0
DA:123,0
DA:124,0
DA:126,0
DA:137,0
DA:138,0
DA:139,0
DA:140,0
DA:141,0
DA:142,0
DA:143,0
DA:145,0
DA:146,0
DA:148,0
DA:149,0
DA:150,0
DA:153,0
DA:155,0
DA:156,0
DA:159,0
DA:161,0
DA:162,0
DA:165,0
DA:177,0
DA:180,0
DA:183,0
DA:186,0
DA:222,0
DA:225,0
DA:226,0
DA:228,0
DA:232,0
DA:233,0
DA:234,0
DA:235,0
DA:237,0
DA:238,0
DA:243,0
DA:244,0
DA:247,0
DA:248,0
DA:252,0
DA:253,0
DA:256,0
DA:257,0
DA:260,0
DA:261,0
DA:263,0
DA:264,0
DA:266,0
DA:267,0
DA:269,0
DA:270,0
DA:272,0
DA:273,0
DA:275,0
DA:276,0
DA:278,0
DA:279,0
DA:281,0
DA:282,0
DA:284,0
DA:288,0
DA:299,0
DA:319,0
DA:328,0
DA:339,0
DA:380,0
LF:75
LH:0
BRDA:146,0,0,0
BRDA:155,1,0,0
BRDA:161,2,0,0
BRDA:161,2,1,0
BRDA:166,3,0,0
BRDA:166,3,1,0
BRDA:167,4,0,0
BRDA:167,4,1,0
BRDA:168,5,0,0
BRDA:168,5,1,0
BRDA:169,6,0,0
BRDA:169,6,1,0
BRDA:170,7,0,0
BRDA:170,7,1,0
BRDA:171,8,0,0
BRDA:171,8,1,0
BRDA:172,9,0,0
BRDA:172,9,1,0
BRDA:173,10,0,0
BRDA:173,10,1,0
BRDA:177,11,0,0
BRDA:177,11,1,0
BRDA:180,12,0,0
BRDA:180,12,1,0
BRDA:183,13,0,0
BRDA:183,13,1,0
BRDA:222,14,0,0
BRDA:222,14,1,0
BRDA:226,15,0,0
BRDA:226,15,1,0
BRDA:261,16,0,0
BRDA:261,16,1,0
BRDA:261,16,2,0
BRDA:261,16,3,0
BRDA:261,16,4,0
BRDA:261,16,5,0
BRDA:261,16,6,0
BRDA:261,16,7,0
BRDA:288,17,0,0
BRDA:299,18,0,0
BRDA:319,19,0,0
BRDA:339,20,0,0
BRDA:365,21,0,0
BRDA:365,21,1,0
BRDA:366,22,0,0
BRDA:366,22,1,0
BRDA:367,23,0,0
BRDA:367,23,1,0
BRDA:368,24,0,0
BRDA:368,24,1,0
BRDA:369,25,0,0
BRDA:369,25,1,0
BRF:52
BRH:0
end_of_record
TN:
SF:src\app\dashboard\page.tsx
FN:5,DashboardPage
FNF:1
FNH:0
FNDA:0,DashboardPage
DA:1,0
DA:2,0
DA:3,0
DA:5,0
DA:6,0
DA:9,0
DA:11,0
DA:12,0
DA:13,0
DA:16,0
DA:17,0
DA:18,0
DA:21,0
DA:24,0
DA:30,0
DA:31,0
DA:34,0
DA:35,0
DA:37,0
DA:56,0
DA:57,0
DA:58,0
DA:61,0
DA:62,0
DA:64,0
DA:69,0
DA:70,0
DA:72,0
DA:91,0
DA:92,0
DA:93,0
DA:96,0
DA:97,0
DA:100,0
DA:103,0
DA:104,0
DA:105,0
DA:109,0
DA:110,0
DA:111,0
DA:114,0
LF:41
LH:0
BRDA:11,0,0,0
BRDA:16,1,0,0
BRDA:30,2,0,0
BRDA:34,3,0,0
BRDA:34,3,1,0
BRDA:34,4,0,0
BRDA:34,4,1,0
BRDA:34,4,2,0
BRDA:41,5,0,0
BRDA:41,5,1,0
BRDA:42,6,0,0
BRDA:42,6,1,0
BRDA:43,7,0,0
BRDA:43,7,1,0
BRDA:56,8,0,0
BRDA:69,9,0,0
BRDA:76,10,0,0
BRDA:76,10,1,0
BRDA:77,11,0,0
BRDA:77,11,1,0
BRDA:78,12,0,0
BRDA:78,12,1,0
BRDA:91,13,0,0
BRDA:103,14,0,0
BRDA:109,15,0,0
BRDA:109,16,0,0
BRDA:109,16,1,0
BRDA:109,17,0,0
BRDA:109,17,1,0
BRF:29
BRH:0
end_of_record
TN:
SF:src\app\faq\page.tsx
FN:8,FAQPage
FNF:1
FNH:0
FNDA:0,FAQPage
DA:1,0
DA:2,0
DA:3,0
DA:4,0
DA:5,0
DA:6,0
DA:8,0
LF:7
LH:0
BRF:0
BRH:0
end_of_record
TN:
SF:src\app\groups\page.tsx
FN:24,GroupsPage
FN:174,(anonymous_2)
FN:178,(anonymous_3)
FN:228,(anonymous_4)
FN:231,(anonymous_5)
FN:295,(anonymous_6)
FN:323,(anonymous_7)
FN:326,(anonymous_8)
FN:352,(anonymous_9)
FNF:9
FNH:0
FNDA:0,GroupsPage
FNDA:0,(anonymous_2)
FNDA:0,(anonymous_3)
FNDA:0,(anonymous_4)
FNDA:0,(anonymous_5)
FNDA:0,(anonymous_6)
FNDA:0,(anonymous_7)
FNDA:0,(anonymous_8)
FNDA:0,(anonymous_9)
DA:3,0
DA:4,0
DA:5,0
DA:6,0
DA:7,0
DA:22,0
DA:24,0
DA:25,0
DA:26,0
DA:28,0
DA:71,0
DA:145,0
DA:174,0
DA:175,0
DA:176,0
DA:178,0
DA:179,0
DA:181,0
DA:182,0
DA:229,0
DA:231,0
DA:296,0
DA:323,0
DA:326,0
DA:353,0
LF:25
LH:0
BRDA:175,0,0,0
BRDA:175,0,1,0
BRDA:176,1,0,0
BRDA:176,1,1,0
BRDA:179,2,0,0
BRDA:233,3,0,0
BRDA:233,3,1,0
BRDA:248,4,0,0
BRDA:326,5,0,0
BRDA:326,5,1,0
BRDA:358,6,0,0
BRF:11
BRH:0
end_of_record
TN:
SF:src\app\how-matching-works\page.tsx
FN:8,HowMatchingWorksPage
FNF:1
FNH:0
FNDA:0,HowMatchingWorksPage
DA:1,0
DA:2,0
DA:3,0
DA:4,0
DA:5,0
DA:6,0
DA:8,0
LF:7
LH:0
BRF:0
BRH:0
end_of_record
TN:
SF:src\app\matches\page.tsx
FN:49,MatchesPage
FN:55,(anonymous_3)
FN:59,(anonymous_4)
FN:81,(anonymous_5)
FN:106,(anonymous_6)
FN:106,(anonymous_7)
FN:134,(anonymous_8)
FN:134,(anonymous_9)
FN:142,(anonymous_10)
FN:154,(anonymous_11)
FN:162,(anonymous_12)
FN:169,(anonymous_13)
FN:176,(anonymous_14)
FN:223,(anonymous_15)
FN:224,(anonymous_16)
FN:225,(anonymous_17)
FN:226,(anonymous_18)
FN:229,(anonymous_19)
FN:253,(anonymous_20)
FN:313,(anonymous_21)
FN:329,(anonymous_22)
FN:342,(anonymous_23)
FN:397,(anonymous_24)
FN:403,(anonymous_25)
FN:409,(anonymous_26)
FNF:25
FNH:0
FNDA:0,MatchesPage
FNDA:0,(anonymous_3)
FNDA:0,(anonymous_4)
FNDA:0,(anonymous_5)
FNDA:0,(anonymous_6)
FNDA:0,(anonymous_7)
FNDA:0,(anonymous_8)
FNDA:0,(anonymous_9)
FNDA:0,(anonymous_10)
FNDA:0,(anonymous_11)
FNDA:0,(anonymous_12)
FNDA:0,(anonymous_13)
FNDA:0,(anonymous_14)
FNDA:0,(anonymous_15)
FNDA:0,(anonymous_16)
FNDA:0,(anonymous_17)
FNDA:0,(anonymous_18)
FNDA:0,(anonymous_19)
FNDA:0,(anonymous_20)
FNDA:0,(anonymous_21)
FNDA:0,(anonymous_22)
FNDA:0,(anonymous_23)
FNDA:0,(anonymous_24)
FNDA:0,(anonymous_25)
FNDA:0,(anonymous_26)
DA:3,0
DA:4,0
DA:5,0
DA:6,0
DA:27,0
DA:28,0
DA:49,0
DA:50,0
DA:51,0
DA:52,0
DA:53,0
DA:55,0
DA:56,0
DA:59,0
DA:60,0
DA:61,0
DA:62,0
DA:64,0
DA:65,0
DA:67,0
DA:68,0
DA:71,0
DA:72,0
DA:74,0
DA:75,0
DA:77,0
DA:81,0
DA:82,0
DA:83,0
DA:84,0
DA:85,0
DA:97,0
DA:99,0
DA:100,0
DA:103,0
DA:106,0
DA:107,0
DA:111,0
DA:113,0
DA:125,0
DA:127,0
DA:128,0
DA:131,0
DA:134,0
DA:135,0
DA:142,0
DA:143,0
DA:147,0
DA:148,0
DA:150,0
DA:154,0
DA:155,0
DA:156,0
DA:157,0
DA:158,0
DA:159,0
DA:162,0
DA:163,0
DA:164,0
DA:165,0
DA:166,0
DA:169,0
DA:170,0
DA:171,0
DA:172,0
DA:173,0
DA:176,0
DA:177,0
DA:178,0
DA:179,0
DA:180,0
DA:181,0
DA:182,0
DA:183,0
DA:184,0
DA:185,0
DA:186,0
DA:187,0
DA:223,0
DA:224,0
DA:225,0
DA:227,0
DA:229,0
DA:254,0
DA:314,0
DA:315,0
DA:329,0
DA:342,0
DA:397,0
DA:403,0
DA:409,0
LF:91
LH:0
BRDA:67,0,0,0
BRDA:68,1,0,0
BRDA:68,1,1,0
BRDA:71,2,0,0
BRDA:71,2,1,0
BRDA:72,3,0,0
BRDA:72,3,1,0
BRDA:84,4,0,0
BRDA:84,4,1,0
BRDA:99,5,0,0
BRDA:100,6,0,0
BRDA:100,6,1,0
BRDA:107,7,0,0
BRDA:107,7,1,0
BRDA:111,8,0,0
BRDA:127,9,0,0
BRDA:128,10,0,0
BRDA:128,10,1,0
BRDA:135,11,0,0
BRDA:135,11,1,0
BRDA:155,12,0,0
BRDA:156,13,0,0
BRDA:157,14,0,0
BRDA:158,15,0,0
BRDA:163,16,0,0
BRDA:164,17,0,0
BRDA:165,18,0,0
BRDA:170,19,0,0
BRDA:171,20,0,0
BRDA:172,21,0,0
BRDA:177,22,0,0
BRDA:177,22,1,0
BRDA:177,22,2,0
BRDA:177,22,3,0
BRDA:177,22,4,0
BRDA:177,22,5,0
BRDA:177,22,6,0
BRDA:177,22,7,0
BRDA:177,22,8,0
BRDA:177,22,9,0
BRDA:231,23,0,0
BRDA:231,23,1,0
BRDA:243,24,0,0
BRDA:251,25,0,0
BRDA:303,26,0,0
BRDA:333,27,0,0
BRDA:359,28,0,0
BRDA:359,28,1,0
BRDA:365,29,0,0
BRDA:365,29,1,0
BRDA:383,30,0,0
BRDA:383,30,1,0
BRDA:409,31,0,0
BRDA:409,31,1,0
BRF:54
BRH:0
end_of_record
TN:
SF:src\app\matching\page.tsx
FN:10,GroupMatchingPage
FN:14,(anonymous_3)
FNF:2
FNH:0
FNDA:0,GroupMatchingPage
FNDA:0,(anonymous_3)
DA:3,0
DA:4,0
DA:5,0
DA:6,0
DA:7,0
DA:8,0
DA:10,0
DA:11,0
DA:12,0
DA:14,0
DA:15,0
DA:17,0
DA:18,0
DA:20,0
DA:21,0
DA:23,0
DA:24,0
DA:26,0
DA:30,0
DA:34,0
LF:20
LH:0
BRDA:15,0,0,0
BRDA:15,0,1,0
BRDA:15,0,2,0
BRDA:15,0,3,0
BRDA:30,1,0,0
BRDA:34,2,0,0
BRDA:53,3,0,0
BRDA:53,3,1,0
BRDA:53,4,0,0
BRDA:53,4,1,0
BRDA:54,5,0,0
BRDA:54,5,1,0
BRF:12
BRH:0
end_of_record
TN:
SF:src\app\messages\page.tsx
FN:34,MessagesPage
FN:47,(anonymous_3)
FN:55,(anonymous_4)
FN:60,(anonymous_5)
FN:65,(anonymous_6)
FN:69,(anonymous_7)
FN:149,(anonymous_8)
FN:157,(anonymous_9)
FN:182,(anonymous_10)
FN:189,(anonymous_11)
FN:293,(anonymous_12)
FNF:11
FNH:0
FNDA:0,MessagesPage
FNDA:0,(anonymous_3)
FNDA:0,(anonymous_4)
FNDA:0,(anonymous_5)
FNDA:0,(anonymous_6)
FNDA:0,(anonymous_7)
FNDA:0,(anonymous_8)
FNDA:0,(anonymous_9)
FNDA:0,(anonymous_10)
FNDA:0,(anonymous_11)
FNDA:0,(anonymous_12)
DA:3,0
DA:4,0
DA:5,0
DA:6,0
DA:7,0
DA:8,0
DA:27,0
DA:28,0
DA:29,0
DA:30,0
DA:31,0
DA:32,0
DA:34,0
DA:35,0
DA:36,0
DA:40,0
DA:41,0
DA:42,0
DA:43,0
DA:44,0
DA:45,0
DA:47,0
DA:48,0
DA:50,0
DA:51,0
DA:55,0
DA:56,0
DA:57,0
DA:60,0
DA:62,0
DA:65,0
DA:66,0
DA:69,0
DA:70,0
DA:73,0
DA:149,0
DA:157,0
DA:182,0
DA:189,0
DA:293,0
LF:40
LH:0
BRDA:50,0,0,0
BRDA:73,1,0,0
BRDA:83,2,0,0
BRDA:82,3,0,0
BRDA:82,3,1,0
BRDA:104,4,0,0
BRDA:104,4,1,0
BRDA:150,5,0,0
BRDA:150,5,1,0
BRDA:152,6,0,0
BRDA:158,7,0,0
BRDA:158,7,1,0
BRDA:160,8,0,0
BRDA:199,9,0,0
BRDA:228,10,0,0
BRDA:228,10,1,0
BRDA:228,11,0,0
BRDA:228,11,1,0
BRDA:229,12,0,0
BRDA:229,12,1,0
BRDA:242,13,0,0
BRDA:242,13,1,0
BRDA:245,14,0,0
BRF:23
BRH:0
end_of_record
TN:
SF:src\app\notifications\page.tsx
FN:8,NotificationsPage
FN:12,(anonymous_2)
FN:18,(anonymous_3)
FNF:3
FNH:0
FNDA:0,NotificationsPage
FNDA:0,(anonymous_2)
FNDA:0,(anonymous_3)
DA:3,0
DA:4,0
DA:5,0
DA:6,0
DA:8,0
DA:9,0
DA:10,0
DA:12,0
DA:13,0
DA:14,0
DA:18,0
DA:19,0
DA:21,0
DA:22,0
DA:24,0
DA:25,0
DA:27,0
DA:28,0
DA:30,0
DA:31,0
DA:33,0
DA:37,0
DA:48,0
DA:49,0
LF:24
LH:0
BRDA:13,0,0,0
BRDA:13,1,0,0
BRDA:13,1,1,0
BRDA:19,2,0,0
BRDA:19,2,1,0
BRDA:19,2,2,0
BRDA:19,2,3,0
BRDA:19,2,4,0
BRDA:37,3,0,0
BRDA:48,4,0,0
BRF:10
BRH:0
end_of_record
TN:
SF:src\app\onboarding\page.tsx
FN:16,(anonymous_4)
FN:16,(anonymous_5)
FN:17,(anonymous_6)
FN:17,(anonymous_7)
FN:18,(anonymous_8)
FN:18,(anonymous_9)
FN:19,(anonymous_10)
FN:19,(anonymous_11)
FN:20,(anonymous_12)
FN:20,(anonymous_13)
FN:21,(anonymous_14)
FN:21,(anonymous_15)
FN:22,(anonymous_16)
FN:22,(anonymous_17)
FN:23,(anonymous_18)
FN:23,(anonymous_19)
FN:24,(anonymous_20)
FN:24,(anonymous_21)
FN:41,OnboardingPage
FN:52,(anonymous_23)
FN:53,(anonymous_24)
FN:75,(anonymous_25)
FN:77,(anonymous_26)
FN:81,(anonymous_27)
FN:89,(anonymous_28)
FN:91,(anonymous_29)
FN:95,(anonymous_30)
FN:108,(anonymous_31)
FN:133,(anonymous_32)
FN:145,(anonymous_33)
FN:173,(anonymous_34)
FN:174,(anonymous_35)
FN:220,(anonymous_36)
FN:221,(anonymous_37)
FN:238,(anonymous_38)
FN:239,(anonymous_39)
FN:303,(anonymous_40)
FNF:37
FNH:0
FNDA:0,(anonymous_4)
FNDA:0,(anonymous_5)
FNDA:0,(anonymous_6)
FNDA:0,(anonymous_7)
FNDA:0,(anonymous_8)
FNDA:0,(anonymous_9)
FNDA:0,(anonymous_10)
FNDA:0,(anonymous_11)
FNDA:0,(anonymous_12)
FNDA:0,(anonymous_13)
FNDA:0,(anonymous_14)
FNDA:0,(anonymous_15)
FNDA:0,(anonymous_16)
FNDA:0,(anonymous_17)
FNDA:0,(anonymous_18)
FNDA:0,(anonymous_19)
FNDA:0,(anonymous_20)
FNDA:0,(anonymous_21)
FNDA:0,OnboardingPage
FNDA:0,(anonymous_23)
FNDA:0,(anonymous_24)
FNDA:0,(anonymous_25)
FNDA:0,(anonymous_26)
FNDA:0,(anonymous_27)
FNDA:0,(anonymous_28)
FNDA:0,(anonymous_29)
FNDA:0,(anonymous_30)
FNDA:0,(anonymous_31)
FNDA:0,(anonymous_32)
FNDA:0,(anonymous_33)
FNDA:0,(anonymous_34)
FNDA:0,(anonymous_35)
FNDA:0,(anonymous_36)
FNDA:0,(anonymous_37)
FNDA:0,(anonymous_38)
FNDA:0,(anonymous_39)
FNDA:0,(anonymous_40)
DA:3,0
DA:4,0
DA:5,0
DA:6,0
DA:7,0
DA:8,0
DA:9,0
DA:10,0
DA:16,0
DA:17,0
DA:18,0
DA:19,0
DA:20,0
DA:21,0
DA:22,0
DA:23,0
DA:24,0
DA:29,0
DA:41,0
DA:42,0
DA:43,0
DA:45,0
DA:46,0
DA:47,0
DA:48,0
DA:49,0
DA:52,0
DA:53,0
DA:54,0
DA:55,0
DA:56,0
DA:57,0
DA:59,0
DA:61,0
DA:64,0
DA:65,0
DA:68,0
DA:75,0
DA:76,0
DA:77,0
DA:79,0
DA:80,0
DA:81,0
DA:83,0
DA:85,0
DA:89,0
DA:90,0
DA:91,0
DA:95,0
DA:96,0
DA:98,0
DA:99,0
DA:100,0
DA:101,0
DA:102,0
DA:105,0
DA:108,0
DA:111,0
DA:116,0
DA:118,0
DA:130,0
DA:131,0
DA:133,0
DA:134,0
DA:137,0
DA:138,0
DA:139,0
DA:141,0
DA:145,0
DA:146,0
DA:173,0
DA:174,0
DA:199,0
DA:200,0
DA:207,0
DA:210,0
DA:220,0
DA:238,0
DA:246,0
DA:250,0
DA:303,0
LF:81
LH:0
BRDA:55,0,0,0
BRDA:79,1,0,0
BRDA:79,1,1,0
BRDA:90,2,0,0
BRDA:100,3,0,0
BRDA:121,4,0,0
BRDA:121,4,1,0
BRDA:139,5,0,0
BRDA:139,5,1,0
BRDA:146,6,0,0
BRDA:190,7,0,0
BRDA:190,7,1,0
BRDA:199,8,0,0
BRDA:210,9,0,0
BRDA:220,10,0,0
BRDA:220,10,1,0
BRDA:221,11,0,0
BRDA:221,11,1,0
BRDA:238,12,0,0
BRDA:238,12,1,0
BRDA:239,13,0,0
BRDA:239,13,1,0
BRDA:240,14,0,0
BRDA:240,14,1,0
BRDA:250,15,0,0
BRF:25
BRH:0
end_of_record
TN:
SF:src\app\payment\error\page.tsx
FN:3,PaymentErrorPage
FNF:1
FNH:0
FNDA:0,PaymentErrorPage
DA:1,0
DA:3,0
DA:5,0
DA:6,0
DA:7,0
DA:8,0
LF:6
LH:0
BRF:0
BRH:0
end_of_record
TN:
SF:src\app\payment\success\page.tsx
FN:3,PaymentSuccessPage
FNF:1
FNH:0
FNDA:0,PaymentSuccessPage
DA:1,0
DA:3,0
DA:5,0
DA:6,0
DA:7,0
DA:8,0
DA:9,0
DA:10,0
LF:8
LH:0
BRF:0
BRH:0
end_of_record
TN:
SF:src\app\preferences\page.tsx
FN:8,PreferencesPage
FN:12,(anonymous_2)
FN:18,(anonymous_3)
FNF:3
FNH:0
FNDA:0,PreferencesPage
FNDA:0,(anonymous_2)
FNDA:0,(anonymous_3)
DA:3,0
DA:4,0
DA:5,0
DA:6,0
DA:8,0
DA:9,0
DA:10,0
DA:12,0
DA:13,0
DA:14,0
DA:18,0
DA:19,0
DA:21,0
DA:22,0
DA:24,0
DA:25,0
DA:27,0
DA:28,0
DA:30,0
DA:31,0
DA:33,0
DA:37,0
DA:48,0
DA:49,0
LF:24
LH:0
BRDA:13,0,0,0
BRDA:13,1,0,0
BRDA:13,1,1,0
BRDA:19,2,0,0
BRDA:19,2,1,0
BRDA:19,2,2,0
BRDA:19,2,3,0
BRDA:19,2,4,0
BRDA:37,3,0,0
BRDA:48,4,0,0
BRF:10
BRH:0
end_of_record
TN:
SF:src\app\pricing\page.tsx
FN:23,PricingPage
FN:27,(anonymous_3)
FN:31,(anonymous_4)
FN:36,(anonymous_5)
FN:42,(anonymous_6)
FN:52,(anonymous_7)
FN:110,(anonymous_8)
FN:133,(anonymous_9)
FN:143,(anonymous_10)
FN:151,(anonymous_11)
FN:162,(anonymous_12)
FN:173,(anonymous_13)
FN:187,(anonymous_14)
FN:275,(anonymous_15)
FN:291,(anonymous_16)
FN:307,(anonymous_17)
FN:336,(anonymous_18)
FNF:17
FNH:0
FNDA:0,PricingPage
FNDA:0,(anonymous_3)
FNDA:0,(anonymous_4)
FNDA:0,(anonymous_5)
FNDA:0,(anonymous_6)
FNDA:0,(anonymous_7)
FNDA:0,(anonymous_8)
FNDA:0,(anonymous_9)
FNDA:0,(anonymous_10)
FNDA:0,(anonymous_11)
FNDA:0,(anonymous_12)
FNDA:0,(anonymous_13)
FNDA:0,(anonymous_14)
FNDA:0,(anonymous_15)
FNDA:0,(anonymous_16)
FNDA:0,(anonymous_17)
FNDA:0,(anonymous_18)
DA:3,0
DA:4,0
DA:5,0
DA:6,0
DA:7,0
DA:8,0
DA:20,0
DA:21,0
DA:23,0
DA:24,0
DA:25,0
DA:27,0
DA:28,0
DA:31,0
DA:33,0
DA:36,0
DA:37,0
DA:39,0
DA:42,0
DA:44,0
DA:52,0
DA:111,0
DA:134,0
DA:144,0
DA:152,0
DA:163,0
DA:174,0
DA:188,0
DA:276,0
DA:292,0
DA:308,0
DA:336,0
LF:32
LH:0
BRDA:44,0,0,0
BRDA:44,1,0,0
BRDA:44,1,1,0
BRF:3
BRH:0
end_of_record
TN:
SF:src\app\privacy\page.tsx
FN:8,PrivacyPolicyPage
FNF:1
FNH:0
FNDA:0,PrivacyPolicyPage
DA:1,0
DA:2,0
DA:3,0
DA:4,0
DA:5,0
DA:6,0
DA:8,0
LF:7
LH:0
BRF:0
BRH:0
end_of_record
TN:
SF:src\app\profile\page.tsx
FN:29,ProfilePage
FN:45,(anonymous_3)
FN:58,(anonymous_4)
FN:99,(anonymous_5)
FN:144,(anonymous_6)
FN:162,(anonymous_7)
FN:244,(anonymous_8)
FN:251,(anonymous_9)
FN:291,(anonymous_10)
FN:300,(anonymous_11)
FN:318,(anonymous_12)
FN:336,(anonymous_13)
FN:346,(anonymous_14)
FN:364,(anonymous_15)
FNF:14
FNH:0
FNDA:0,ProfilePage
FNDA:0,(anonymous_3)
FNDA:0,(anonymous_4)
FNDA:0,(anonymous_5)
FNDA:0,(anonymous_6)
FNDA:0,(anonymous_7)
FNDA:0,(anonymous_8)
FNDA:0,(anonymous_9)
FNDA:0,(anonymous_10)
FNDA:0,(anonymous_11)
FNDA:0,(anonymous_12)
FNDA:0,(anonymous_13)
FNDA:0,(anonymous_14)
FNDA:0,(anonymous_15)
DA:3,0
DA:4,0
DA:5,0
DA:6,0
DA:7,0
DA:8,0
DA:9,0
DA:10,0
DA:11,0
DA:12,0
DA:23,0
DA:24,0
DA:25,0
DA:26,0
DA:27,0
DA:29,0
DA:30,0
DA:31,0
DA:32,0
DA:33,0
DA:41,0
DA:43,0
DA:45,0
DA:46,0
DA:47,0
DA:58,0
DA:59,0
DA:61,0
DA:62,0
DA:64,0
DA:70,0
DA:71,0
DA:74,0
DA:87,0
DA:89,0
DA:90,0
DA:92,0
DA:93,0
DA:95,0
DA:99,0
DA:100,0
DA:101,0
DA:110,0
DA:113,0
DA:117,0
DA:132,0
DA:144,0
DA:162,0
DA:244,0
DA:251,0
DA:291,0
DA:300,0
DA:318,0
DA:336,0
DA:346,0
DA:364,0
LF:56
LH:0
BRDA:46,0,0,0
BRDA:48,1,0,0
BRDA:48,1,1,0
BRDA:49,2,0,0
BRDA:49,2,1,0
BRDA:50,3,0,0
BRDA:50,3,1,0
BRDA:51,4,0,0
BRDA:51,4,1,0
BRDA:52,5,0,0
BRDA:52,5,1,0
BRDA:53,6,0,0
BRDA:53,6,1,0
BRDA:59,7,0,0
BRDA:59,8,0,0
BRDA:59,8,1,0
BRDA:70,9,0,0
BRDA:70,10,0,0
BRDA:70,10,1,0
BRDA:87,11,0,0
BRDA:100,12,0,0
BRDA:102,13,0,0
BRDA:102,13,1,0
BRDA:103,14,0,0
BRDA:103,14,1,0
BRDA:104,15,0,0
BRDA:104,15,1,0
BRDA:105,16,0,0
BRDA:105,16,1,0
BRDA:106,17,0,0
BRDA:106,17,1,0
BRDA:107,18,0,0
BRDA:107,18,1,0
BRDA:113,19,0,0
BRDA:117,20,0,0
BRDA:132,21,0,0
BRDA:201,22,0,0
BRDA:225,23,0,0
BRDA:225,23,1,0
BRDA:228,24,0,0
BRDA:228,24,1,0
BRDA:242,25,0,0
BRDA:265,26,0,0
BRDA:346,27,0,0
BRDA:346,27,1,0
BRF:45
BRH:0
end_of_record
TN:
SF:src\app\profile\edit\page.tsx
FN:32,ProfileEditPage
FN:56,(anonymous_2)
FN:75,(anonymous_3)
FN:76,(anonymous_4)
FN:79,(anonymous_5)
FN:81,(anonymous_6)
FN:89,(anonymous_7)
FN:90,(anonymous_8)
FN:92,(anonymous_9)
FN:96,(anonymous_10)
FN:98,(anonymous_11)
FN:106,(anonymous_12)
FN:107,(anonymous_13)
FN:109,(anonymous_14)
FN:113,(anonymous_15)
FN:175,(anonymous_16)
FN:193,(anonymous_17)
FN:261,(anonymous_18)
FN:269,(anonymous_19)
FN:290,(anonymous_20)
FN:299,(anonymous_21)
FN:321,(anonymous_22)
FN:345,(anonymous_23)
FN:366,(anonymous_24)
FN:374,(anonymous_25)
FN:382,(anonymous_26)
FN:396,(anonymous_27)
FN:403,(anonymous_28)
FN:414,(anonymous_29)
FN:415,(anonymous_30)
FN:434,(anonymous_31)
FN:441,(anonymous_32)
FN:452,(anonymous_33)
FN:453,(anonymous_34)
FN:483,(anonymous_35)
FNF:35
FNH:0
FNDA:0,ProfileEditPage
FNDA:0,(anonymous_2)
FNDA:0,(anonymous_3)
FNDA:0,(anonymous_4)
FNDA:0,(anonymous_5)
FNDA:0,(anonymous_6)
FNDA:0,(anonymous_7)
FNDA:0,(anonymous_8)
FNDA:0,(anonymous_9)
FNDA:0,(anonymous_10)
FNDA:0,(anonymous_11)
FNDA:0,(anonymous_12)
FNDA:0,(anonymous_13)
FNDA:0,(anonymous_14)
FNDA:0,(anonymous_15)
FNDA:0,(anonymous_16)
FNDA:0,(anonymous_17)
FNDA:0,(anonymous_18)
FNDA:0,(anonymous_19)
FNDA:0,(anonymous_20)
FNDA:0,(anonymous_21)
FNDA:0,(anonymous_22)
FNDA:0,(anonymous_23)
FNDA:0,(anonymous_24)
FNDA:0,(anonymous_25)
FNDA:0,(anonymous_26)
FNDA:0,(anonymous_27)
FNDA:0,(anonymous_28)
FNDA:0,(anonymous_29)
FNDA:0,(anonymous_30)
FNDA:0,(anonymous_31)
FNDA:0,(anonymous_32)
FNDA:0,(anonymous_33)
FNDA:0,(anonymous_34)
FNDA:0,(anonymous_35)
DA:3,0
DA:4,0
DA:5,0
DA:6,0
DA:7,0
DA:8,0
DA:9,0
DA:10,0
DA:11,0
DA:12,0
DA:27,0
DA:28,0
DA:29,0
DA:30,0
DA:32,0
DA:33,0
DA:34,0
DA:35,0
DA:37,0
DA:52,0
DA:53,0
DA:54,0
DA:56,0
DA:57,0
DA:58,0
DA:75,0
DA:76,0
DA:79,0
DA:80,0
DA:81,0
DA:85,0
DA:89,0
DA:90,0
DA:92,0
DA:96,0
DA:97,0
DA:98,0
DA:102,0
DA:106,0
DA:107,0
DA:109,0
DA:113,0
DA:114,0
DA:116,0
DA:117,0
DA:118,0
DA:136,0
DA:138,0
DA:139,0
DA:141,0
DA:142,0
DA:144,0
DA:148,0
DA:163,0
DA:175,0
DA:193,0
DA:261,0
DA:269,0
DA:290,0
DA:299,0
DA:321,0
DA:345,0
DA:366,0
DA:374,0
DA:382,0
DA:397,0
DA:403,0
DA:414,0
DA:415,0
DA:435,0
DA:441,0
DA:452,0
DA:453,0
DA:483,0
LF:74
LH:0
BRDA:57,0,0,0
BRDA:59,1,0,0
BRDA:59,1,1,0
BRDA:60,2,0,0
BRDA:60,2,1,0
BRDA:61,3,0,0
BRDA:61,3,1,0
BRDA:62,4,0,0
BRDA:62,4,1,0
BRDA:63,5,0,0
BRDA:63,5,1,0
BRDA:64,6,0,0
BRDA:64,6,1,0
BRDA:65,7,0,0
BRDA:65,7,1,0
BRDA:66,8,0,0
BRDA:66,8,1,0
BRDA:67,9,0,0
BRDA:67,9,1,0
BRDA:68,10,0,0
BRDA:68,10,1,0
BRDA:69,11,0,0
BRDA:69,11,1,0
BRDA:70,12,0,0
BRDA:70,12,1,0
BRDA:80,13,0,0
BRDA:80,14,0,0
BRDA:80,14,1,0
BRDA:97,15,0,0
BRDA:97,16,0,0
BRDA:97,16,1,0
BRDA:114,17,0,0
BRDA:114,18,0,0
BRDA:114,18,1,0
BRDA:136,19,0,0
BRDA:148,20,0,0
BRDA:163,21,0,0
BRDA:163,22,0,0
BRDA:163,22,1,0
BRDA:415,23,0,0
BRDA:415,23,1,0
BRDA:453,24,0,0
BRDA:453,24,1,0
BRDA:470,25,0,0
BRF:44
BRH:0
end_of_record
TN:
SF:src\app\profile\settings\page.tsx
FN:34,ProfileSettingsPage
FN:65,(anonymous_2)
FN:86,(anonymous_3)
FN:150,(anonymous_4)
FN:168,(anonymous_5)
FN:209,(anonymous_6)
FN:232,(anonymous_7)
FN:245,(anonymous_8)
FN:258,(anonymous_9)
FN:283,(anonymous_10)
FN:296,(anonymous_11)
FN:309,(anonymous_12)
FN:322,(anonymous_13)
FN:346,(anonymous_14)
FN:359,(anonymous_15)
FN:379,(anonymous_16)
FN:388,(anonymous_17)
FN:397,(anonymous_18)
FN:408,(anonymous_19)
FN:437,(anonymous_20)
FNF:20
FNH:0
FNDA:0,ProfileSettingsPage
FNDA:0,(anonymous_2)
FNDA:0,(anonymous_3)
FNDA:0,(anonymous_4)
FNDA:0,(anonymous_5)
FNDA:0,(anonymous_6)
FNDA:0,(anonymous_7)
FNDA:0,(anonymous_8)
FNDA:0,(anonymous_9)
FNDA:0,(anonymous_10)
FNDA:0,(anonymous_11)
FNDA:0,(anonymous_12)
FNDA:0,(anonymous_13)
FNDA:0,(anonymous_14)
FNDA:0,(anonymous_15)
FNDA:0,(anonymous_16)
FNDA:0,(anonymous_17)
FNDA:0,(anonymous_18)
FNDA:0,(anonymous_19)
FNDA:0,(anonymous_20)
DA:3,0
DA:4,0
DA:5,0
DA:6,0
DA:7,0
DA:8,0
DA:9,0
DA:10,0
DA:11,0
DA:12,0
DA:29,0
DA:30,0
DA:31,0
DA:32,0
DA:34,0
DA:35,0
DA:36,0
DA:37,0
DA:39,0
DA:63,0
DA:65,0
DA:66,0
DA:67,0
DA:86,0
DA:87,0
DA:89,0
DA:90,0
DA:91,0
DA:112,0
DA:114,0
DA:116,0
DA:117,0
DA:119,0
DA:123,0
DA:138,0
DA:150,0
DA:168,0
DA:209,0
DA:232,0
DA:245,0
DA:258,0
DA:283,0
DA:296,0
DA:309,0
DA:322,0
DA:346,0
DA:359,0
DA:379,0
DA:388,0
DA:397,0
DA:408,0
DA:437,0
LF:52
LH:0
BRDA:66,0,0,0
BRDA:68,1,0,0
BRDA:68,1,1,0
BRDA:69,2,0,0
BRDA:69,2,1,0
BRDA:70,3,0,0
BRDA:70,3,1,0
BRDA:76,4,0,0
BRDA:76,4,1,0
BRDA:77,5,0,0
BRDA:77,5,1,0
BRDA:78,6,0,0
BRDA:78,6,1,0
BRDA:79,7,0,0
BRDA:79,7,1,0
BRDA:80,8,0,0
BRDA:80,8,1,0
BRDA:81,9,0,0
BRDA:81,9,1,0
BRDA:87,10,0,0
BRDA:87,11,0,0
BRDA:87,11,1,0
BRDA:112,12,0,0
BRDA:123,13,0,0
BRDA:138,14,0,0
BRDA:138,15,0,0
BRDA:138,15,1,0
BRDA:424,16,0,0
BRF:28
BRH:0
end_of_record
TN:
SF:src\app\realtime-test\page.tsx
FN:13,RealtimeTestPage
FN:21,(anonymous_3)
FN:22,(anonymous_4)
FN:31,(anonymous_5)
FN:36,(anonymous_6)
FN:38,(anonymous_7)
FN:45,(anonymous_8)
FN:49,(anonymous_9)
FN:54,(anonymous_10)
FN:92,(anonymous_11)
FN:149,(anonymous_12)
FN:151,(anonymous_13)
FN:161,(anonymous_14)
FNF:13
FNH:0
FNDA:0,RealtimeTestPage
FNDA:0,(anonymous_3)
FNDA:0,(anonymous_4)
FNDA:0,(anonymous_5)
FNDA:0,(anonymous_6)
FNDA:0,(anonymous_7)
FNDA:0,(anonymous_8)
FNDA:0,(anonymous_9)
FNDA:0,(anonymous_10)
FNDA:0,(anonymous_11)
FNDA:0,(anonymous_12)
FNDA:0,(anonymous_13)
FNDA:0,(anonymous_14)
DA:3,0
DA:4,0
DA:5,0
DA:6,0
DA:7,0
DA:8,0
DA:9,0
DA:10,0
DA:11,0
DA:13,0
DA:14,0
DA:15,0
DA:16,0
DA:17,0
DA:19,0
DA:21,0
DA:22,0
DA:23,0
DA:24,0
DA:25,0
DA:27,0
DA:31,0
DA:32,0
DA:34,0
DA:37,0
DA:38,0
DA:46,0
DA:49,0
DA:50,0
DA:54,0
DA:55,0
DA:57,0
DA:58,0
DA:67,0
DA:70,0
DA:81,0
DA:92,0
DA:149,0
DA:151,0
DA:162,0
LF:40
LH:0
BRDA:32,0,0,0
BRDA:55,1,0,0
BRDA:63,2,0,0
BRDA:63,2,1,0
BRDA:70,3,0,0
BRDA:81,4,0,0
BRDA:151,5,0,0
BRDA:151,5,1,0
BRDA:157,6,0,0
BRF:9
BRH:0
end_of_record
TN:
SF:src\app\settings\page.tsx
FN:35,SettingsPage
FN:43,(anonymous_3)
FN:49,(anonymous_4)
FN:99,(anonymous_5)
FN:102,(anonymous_6)
FN:106,(anonymous_7)
FN:198,(anonymous_8)
FN:213,(anonymous_9)
FN:228,(anonymous_10)
FN:243,(anonymous_11)
FN:265,(anonymous_12)
FN:343,(anonymous_13)
FNF:12
FNH:0
FNDA:0,SettingsPage
FNDA:0,(anonymous_3)
FNDA:0,(anonymous_4)
FNDA:0,(anonymous_5)
FNDA:0,(anonymous_6)
FNDA:0,(anonymous_7)
FNDA:0,(anonymous_8)
FNDA:0,(anonymous_9)
FNDA:0,(anonymous_10)
FNDA:0,(anonymous_11)
FNDA:0,(anonymous_12)
FNDA:0,(anonymous_13)
DA:3,0
DA:4,0
DA:5,0
DA:7,0
DA:8,0
DA:9,0
DA:10,0
DA:11,0
DA:12,0
DA:13,0
DA:14,0
DA:15,0
DA:24,0
DA:25,0
DA:35,0
DA:36,0
DA:37,0
DA:38,0
DA:39,0
DA:40,0
DA:41,0
DA:43,0
DA:44,0
DA:45,0
DA:49,0
DA:50,0
DA:51,0
DA:57,0
DA:58,0
DA:61,0
DA:62,0
DA:63,0
DA:72,0
DA:80,0
DA:87,0
DA:88,0
DA:92,0
DA:93,0
DA:95,0
DA:99,0
DA:100,0
DA:102,0
DA:103,0
DA:106,0
DA:107,0
DA:109,0
DA:110,0
DA:111,0
DA:119,0
DA:121,0
DA:122,0
DA:124,0
DA:125,0
DA:127,0
DA:131,0
DA:198,0
DA:213,0
DA:228,0
DA:243,0
DA:266,0
DA:343,0
LF:61
LH:0
BRDA:44,0,0,0
BRDA:57,1,0,0
BRDA:57,2,0,0
BRDA:57,2,1,0
BRDA:61,3,0,0
BRDA:61,3,1,0
BRDA:87,4,0,0
BRDA:100,5,0,0
BRDA:107,6,0,0
BRDA:107,7,0,0
BRDA:107,7,1,0
BRDA:119,8,0,0
BRDA:131,9,0,0
BRDA:131,10,0,0
BRDA:131,10,1,0
BRDA:153,11,0,0
BRDA:163,12,0,0
BRDA:197,13,0,0
BRDA:197,13,1,0
BRDA:212,14,0,0
BRDA:212,14,1,0
BRDA:227,15,0,0
BRDA:227,15,1,0
BRDA:242,16,0,0
BRDA:242,16,1,0
BRDA:264,17,0,0
BRDA:264,17,1,0
BRDA:314,18,0,0
BRDA:314,18,1,0
BRDA:324,19,0,0
BRDA:324,19,1,0
BRDA:333,20,0,0
BRDA:333,20,1,0
BRDA:347,21,0,0
BRDA:347,21,1,0
BRDA:349,22,0,0
BRF:36
BRH:0
end_of_record
TN:
SF:src\app\subscription\page.tsx
FN:3,SubscriptionPage
FN:24,(anonymous_2)
FN:29,(anonymous_3)
FN:34,(anonymous_4)
FN:39,(anonymous_5)
FNF:5
FNH:0
FNDA:0,SubscriptionPage
FNDA:0,(anonymous_2)
FNDA:0,(anonymous_3)
FNDA:0,(anonymous_4)
FNDA:0,(anonymous_5)
DA:1,0
DA:3,0
DA:5,0
DA:24,0
DA:25,0
DA:29,0
DA:30,0
DA:34,0
DA:35,0
DA:39,0
DA:40,0
LF:11
LH:0
BRF:0
BRH:0
end_of_record
TN:
SF:src\app\test-user-validation\page.tsx
FN:12,TestUserValidationPage
FN:20,(anonymous_5)
FN:57,(anonymous_6)
FN:120,(anonymous_7)
FN:135,(anonymous_8)
FNF:5
FNH:0
FNDA:0,TestUserValidationPage
FNDA:0,(anonymous_5)
FNDA:0,(anonymous_6)
FNDA:0,(anonymous_7)
FNDA:0,(anonymous_8)
DA:3,0
DA:4,0
DA:5,0
DA:6,0
DA:7,0
DA:8,0
DA:9,0
DA:10,0
DA:12,0
DA:13,0
DA:14,0
DA:15,0
DA:16,0
DA:17,0
DA:18,0
DA:20,0
DA:21,0
DA:22,0
DA:23,0
DA:24,0
DA:26,0
DA:28,0
DA:33,0
DA:34,0
DA:35,0
DA:38,0
DA:40,0
DA:42,0
DA:43,0
DA:45,0
DA:47,0
DA:51,0
DA:53,0
DA:57,0
DA:58,0
DA:59,0
DA:60,0
DA:62,0
DA:64,0
DA:69,0
DA:70,0
DA:71,0
DA:73,0
DA:74,0
DA:75,0
DA:76,0
DA:80,0
DA:82,0
DA:120,0
DA:135,0
LF:50
LH:0
BRDA:33,0,0,0
BRDA:38,1,0,0
BRDA:42,2,0,0
BRDA:42,2,1,0
BRDA:69,3,0,0
BRDA:69,3,1,0
BRDA:71,4,0,0
BRDA:74,5,0,0
BRDA:98,6,0,0
BRDA:104,7,0,0
BRF:10
BRH:0
end_of_record
TN:
SF:src\components\index.ts
FNF:0
FNH:0
DA:6,0
DA:9,0
DA:12,0
DA:15,0
LF:4
LH:0
BRF:0
BRH:0
end_of_record
TN:
SF:src\components\theme-provider.tsx
FN:7,ThemeProvider
FNF:1
FNH:0
FNDA:0,ThemeProvider
DA:3,0
DA:4,0
DA:7,0
LF:3
LH:0
BRF:0
BRH:0
end_of_record
TN:
SF:src\components\atoms\Avatar.tsx
FNF:0
FNH:0
DA:3,0
DA:4,0
DA:6,0
DA:21,0
DA:33,0
DA:48,0
DA:50,0
LF:7
LH:0
BRF:0
BRH:0
end_of_record
TN:
SF:src\components\atoms\Badge.tsx
FN:30,Badge
FNF:1
FNH:0
FNDA:0,Badge
DA:1,0
DA:2,0
DA:4,0
DA:6,0
DA:36,0
LF:5
LH:0
BRF:0
BRH:0
end_of_record
TN:
SF:src\components\atoms\Button.tsx
FN:42,(anonymous_6)
FNF:1
FNH:0
FNDA:0,(anonymous_6)
DA:1,0
DA:2,0
DA:3,0
DA:4,0
DA:6,0
DA:41,0
DA:43,0
DA:53,0
DA:55,0
LF:9
LH:0
BRDA:42,0,0,0
BRDA:43,1,0,0
BRDA:43,1,1,0
BRF:3
BRH:0
end_of_record
TN:
SF:src\components\atoms\Input.tsx
FN:8,(anonymous_4)
FNF:1
FNH:0
FNDA:0,(anonymous_4)
DA:1,0
DA:2,0
DA:7,0
DA:22,0
DA:24,0
LF:5
LH:0
BRF:0
BRH:0
end_of_record
TN:
SF:src\components\atoms\index.ts
FNF:0
FNH:0
DA:2,0
DA:3,0
DA:4,0
DA:5,0
LF:4
LH:0
BRF:0
BRH:0
end_of_record
TN:
SF:src\components\examples\RecommendedQueriesExample.tsx
FN:37,RecommendedQueriesExample
FN:67,(anonymous_5)
FN:82,(anonymous_6)
FN:98,(anonymous_7)
FN:184,(anonymous_8)
FN:203,(anonymous_9)
FN:246,(anonymous_10)
FN:275,(anonymous_11)
FN:275,(anonymous_12)
FN:283,(anonymous_13)
FN:283,(anonymous_14)
FNF:11
FNH:0
FNDA:0,RecommendedQueriesExample
FNDA:0,(anonymous_5)
FNDA:0,(anonymous_6)
FNDA:0,(anonymous_7)
FNDA:0,(anonymous_8)
FNDA:0,(anonymous_9)
FNDA:0,(anonymous_10)
FNDA:0,(anonymous_11)
FNDA:0,(anonymous_12)
FNDA:0,(anonymous_13)
FNDA:0,(anonymous_14)
DA:3,0
DA:4,0
DA:5,0
DA:6,0
DA:7,0
DA:8,0
DA:9,0
DA:10,0
DA:21,0
DA:22,0
DA:23,0
DA:31,0
DA:37,0
DA:38,0
DA:39,0
DA:40,0
DA:51,0
DA:59,0
DA:62,0
DA:65,0
DA:67,0
DA:68,0
DA:69,0
DA:70,0
DA:73,0
DA:74,0
DA:75,0
DA:76,0
DA:78,0
DA:82,0
DA:83,0
DA:84,0
DA:85,0
DA:88,0
DA:89,0
DA:90,0
DA:91,0
DA:92,0
DA:94,0
DA:98,0
DA:99,0
DA:100,0
DA:101,0
DA:103,0
DA:184,0
DA:204,0
DA:246,0
DA:275,0
DA:283,0
LF:49
LH:0
BRDA:68,0,0,0
BRDA:68,1,0,0
BRDA:68,1,1,0
BRDA:83,2,0,0
BRDA:83,3,0,0
BRDA:83,3,1,0
BRDA:99,4,0,0
BRDA:125,5,0,0
BRDA:130,6,0,0
BRDA:135,7,0,0
BRDA:153,8,0,0
BRDA:153,8,1,0
BRDA:157,9,0,0
BRDA:157,9,1,0
BRDA:161,10,0,0
BRDA:161,10,1,0
BRDA:188,11,0,0
BRDA:188,11,1,0
BRDA:196,12,0,0
BRDA:196,12,1,0
BRDA:201,13,0,0
BRDA:201,13,1,0
BRDA:228,14,0,0
BRDA:228,14,1,0
BRDA:228,15,0,0
BRDA:228,15,1,0
BRDA:251,16,0,0
BRDA:251,16,1,0
BRDA:291,17,0,0
BRDA:291,17,1,0
BRF:30
BRH:0
end_of_record
TN:
SF:src\components\examples\index.ts
FNF:0
FNH:0
DA:2,0
LF:1
LH:0
BRF:0
BRH:0
end_of_record
TN:
SF:src\components\features\index.ts
FNF:0
FNH:0
DA:2,0
DA:3,0
DA:4,0
DA:5,0
DA:6,0
DA:7,0
DA:8,0
DA:9,0
LF:8
LH:0
BRF:0
BRH:0
end_of_record
TN:
SF:src\components\features\chat\ChatList.tsx
FN:59,ChatList
FN:67,(anonymous_5)
FN:73,(anonymous_6)
FN:77,(anonymous_7)
FN:114,(anonymous_8)
FN:144,(anonymous_9)
FN:150,(anonymous_10)
FN:191,(anonymous_11)
FN:192,(anonymous_12)
FN:216,(anonymous_13)
FN:220,(anonymous_14)
FN:225,(anonymous_15)
FN:232,(anonymous_16)
FN:275,(anonymous_17)
FN:296,(anonymous_18)
FN:310,(anonymous_19)
FN:319,(anonymous_20)
FN:347,(anonymous_21)
FNF:18
FNH:0
FNDA:0,ChatList
FNDA:0,(anonymous_5)
FNDA:0,(anonymous_6)
FNDA:0,(anonymous_7)
FNDA:0,(anonymous_8)
FNDA:0,(anonymous_9)
FNDA:0,(anonymous_10)
FNDA:0,(anonymous_11)
FNDA:0,(anonymous_12)
FNDA:0,(anonymous_13)
FNDA:0,(anonymous_14)
FNDA:0,(anonymous_15)
FNDA:0,(anonymous_16)
FNDA:0,(anonymous_17)
FNDA:0,(anonymous_18)
FNDA:0,(anonymous_19)
FNDA:0,(anonymous_20)
FNDA:0,(anonymous_21)
DA:6,0
DA:7,0
DA:8,0
DA:9,0
DA:10,0
DA:11,0
DA:12,0
DA:24,0
DA:25,0
DA:26,0
DA:28,0
DA:29,0
DA:59,0
DA:60,0
DA:61,0
DA:62,0
DA:63,0
DA:65,0
DA:67,0
DA:68,0
DA:69,0
DA:73,0
DA:74,0
DA:77,0
DA:78,0
DA:80,0
DA:81,0
DA:84,0
DA:87,0
DA:88,0
DA:89,0
DA:92,0
DA:93,0
DA:94,0
DA:98,0
DA:104,0
DA:105,0
DA:106,0
DA:109,0
DA:110,0
DA:111,0
DA:114,0
DA:117,0
DA:122,0
DA:123,0
DA:124,0
DA:128,0
DA:130,0
DA:132,0
DA:138,0
DA:139,0
DA:140,0
DA:144,0
DA:145,0
DA:150,0
DA:157,0
DA:165,0
DA:166,0
DA:168,0
DA:174,0
DA:184,0
DA:190,0
DA:191,0
DA:192,0
DA:195,0
DA:208,0
DA:210,0
DA:212,0
DA:216,0
DA:217,0
DA:220,0
DA:221,0
DA:225,0
DA:226,0
DA:227,0
DA:228,0
DA:229,0
DA:232,0
DA:275,0
DA:297,0
DA:310,0
DA:319,0
DA:347,0
LF:83
LH:0
BRDA:63,0,0,0
BRDA:63,0,1,0
BRDA:68,1,0,0
BRDA:78,2,0,0
BRDA:87,3,0,0
BRDA:92,4,0,0
BRDA:104,5,0,0
BRDA:109,6,0,0
BRDA:109,7,0,0
BRDA:109,7,1,0
BRDA:122,8,0,0
BRDA:130,9,0,0
BRDA:130,9,1,0
BRDA:138,10,0,0
BRDA:144,11,0,0
BRDA:144,11,1,0
BRDA:150,12,0,0
BRDA:150,12,1,0
BRDA:152,13,0,0
BRDA:152,13,1,0
BRDA:152,14,0,0
BRDA:152,14,1,0
BRDA:152,15,0,0
BRDA:152,15,1,0
BRDA:153,16,0,0
BRDA:153,16,1,0
BRDA:166,17,0,0
BRDA:177,18,0,0
BRDA:177,18,1,0
BRDA:178,19,0,0
BRDA:178,19,1,0
BRDA:178,20,0,0
BRDA:178,20,1,0
BRDA:190,21,0,0
BRDA:190,21,1,0
BRDA:202,22,0,0
BRDA:202,22,1,0
BRDA:221,23,0,0
BRDA:221,23,1,0
BRDA:243,24,0,0
BRDA:258,25,0,0
BRDA:258,25,1,0
BRDA:284,26,0,0
BRDA:289,27,0,0
BRDA:306,28,0,0
BRDA:306,28,1,0
BRDA:319,29,0,0
BRDA:326,30,0,0
BRDA:326,30,1,0
BRDA:333,31,0,0
BRDA:336,32,0,0
BRDA:349,33,0,0
BRF:52
BRH:0
end_of_record
TN:
SF:src\components\features\chat\ChatRoom.tsx
FN:71,ChatRoom
FN:105,(anonymous_2)
FN:110,(anonymous_3)
FN:129,(anonymous_4)
FN:140,(anonymous_5)
FN:143,(anonymous_6)
FN:188,(anonymous_7)
FN:199,(anonymous_8)
FN:248,(anonymous_9)
FN:255,(anonymous_10)
FN:256,(anonymous_11)
FN:273,(anonymous_12)
FN:294,(anonymous_13)
FN:301,(anonymous_14)
FN:309,(anonymous_15)
FN:326,(anonymous_16)
FN:332,(anonymous_17)
FN:336,(anonymous_18)
FN:343,(anonymous_19)
FN:361,(anonymous_20)
FN:372,(anonymous_21)
FN:375,(anonymous_22)
FN:420,(anonymous_23)
FN:457,(anonymous_24)
FN:468,(anonymous_25)
FN:515,(anonymous_26)
FN:547,(anonymous_27)
FN:551,(anonymous_28)
FNF:28
FNH:0
FNDA:0,ChatRoom
FNDA:0,(anonymous_2)
FNDA:0,(anonymous_3)
FNDA:0,(anonymous_4)
FNDA:0,(anonymous_5)
FNDA:0,(anonymous_6)
FNDA:0,(anonymous_7)
FNDA:0,(anonymous_8)
FNDA:0,(anonymous_9)
FNDA:0,(anonymous_10)
FNDA:0,(anonymous_11)
FNDA:0,(anonymous_12)
FNDA:0,(anonymous_13)
FNDA:0,(anonymous_14)
FNDA:0,(anonymous_15)
FNDA:0,(anonymous_16)
FNDA:0,(anonymous_17)
FNDA:0,(anonymous_18)
FNDA:0,(anonymous_19)
FNDA:0,(anonymous_20)
FNDA:0,(anonymous_21)
FNDA:0,(anonymous_22)
FNDA:0,(anonymous_23)
FNDA:0,(anonymous_24)
FNDA:0,(anonymous_25)
FNDA:0,(anonymous_26)
FNDA:0,(anonymous_27)
FNDA:0,(anonymous_28)
DA:6,0
DA:7,0
DA:8,0
DA:9,0
DA:10,0
DA:11,0
DA:13,0
DA:32,0
DA:33,0
DA:34,0
DA:35,0
DA:36,0
DA:37,0
DA:38,0
DA:71,0
DA:80,0
DA:91,0
DA:92,0
DA:93,0
DA:94,0
DA:95,0
DA:96,0
DA:97,0
DA:98,0
DA:99,0
DA:101,0
DA:102,0
DA:105,0
DA:106,0
DA:110,0
DA:111,0
DA:112,0
DA:115,0
DA:116,0
DA:122,0
DA:123,0
DA:129,0
DA:130,0
DA:133,0
DA:136,0
DA:140,0
DA:141,0
DA:143,0
DA:144,0
DA:145,0
DA:148,0
DA:151,0
DA:152,0
DA:153,0
DA:157,0
DA:163,0
DA:164,0
DA:165,0
DA:170,0
DA:177,0
DA:183,0
DA:184,0
DA:185,0
DA:188,0
DA:189,0
DA:192,0
DA:193,0
DA:194,0
DA:195,0
DA:199,0
DA:207,0
DA:211,0
DA:217,0
DA:218,0
DA:221,0
DA:222,0
DA:223,0
DA:224,0
DA:225,0
DA:233,0
DA:237,0
DA:238,0
DA:240,0
DA:244,0
DA:248,0
DA:249,0
DA:251,0
DA:252,0
DA:255,0
DA:256,0
DA:257,0
DA:258,0
DA:264,0
DA:265,0
DA:268,0
DA:269,0
DA:270,0
DA:273,0
DA:274,0
DA:277,0
DA:283,0
DA:284,0
DA:295,0
DA:298,0
DA:299,0
DA:301,0
DA:302,0
DA:304,0
DA:305,0
DA:310,0
DA:311,0
DA:312,0
DA:313,0
DA:314,0
DA:317,0
DA:318,0
DA:322,0
DA:323,0
DA:326,0
DA:327,0
DA:328,0
DA:332,0
DA:333,0
DA:336,0
DA:337,0
DA:338,0
DA:339,0
DA:340,0
DA:343,0
DA:344,0
DA:345,0
DA:347,0
DA:349,0
DA:351,0
DA:352,0
DA:354,0
DA:355,0
DA:357,0
DA:361,0
DA:362,0
DA:363,0
DA:364,0
DA:365,0
DA:366,0
DA:368,0
DA:372,0
DA:373,0
DA:375,0
DA:376,0
DA:379,0
DA:380,0
DA:381,0
DA:382,0
DA:384,0
DA:387,0
DA:388,0
DA:390,0
DA:393,0
DA:396,0
DA:409,0
DA:420,0
DA:458,0
DA:469,0
DA:471,0
DA:515,0
DA:548,0
DA:551,0
LF:162
LH:0
BRDA:76,0,0,0
BRDA:77,1,0,0
BRDA:80,2,0,0
BRDA:80,3,0,0
BRDA:80,3,1,0
BRDA:111,4,0,0
BRDA:122,5,0,0
BRDA:125,6,0,0
BRDA:125,6,1,0
BRDA:125,7,0,0
BRDA:125,7,1,0
BRDA:141,8,0,0
BRDA:141,9,0,0
BRDA:141,9,1,0
BRDA:151,10,0,0
BRDA:151,11,0,0
BRDA:151,11,1,0
BRDA:163,12,0,0
BRDA:163,12,1,0
BRDA:171,13,0,0
BRDA:171,13,1,0
BRDA:172,14,0,0
BRDA:172,14,1,0
BRDA:183,15,0,0
BRDA:183,15,1,0
BRDA:194,16,0,0
BRDA:201,17,0,0
BRDA:201,17,1,0
BRDA:217,18,0,0
BRDA:217,18,1,0
BRDA:224,19,0,0
BRDA:249,20,0,0
BRDA:264,21,0,0
BRDA:264,22,0,0
BRDA:264,22,1,0
BRDA:270,23,0,0
BRDA:270,23,1,0
BRDA:299,24,0,0
BRDA:299,24,1,0
BRDA:304,25,0,0
BRDA:310,26,0,0
BRDA:310,26,1,0
BRDA:312,27,0,0
BRDA:327,28,0,0
BRDA:328,29,0,0
BRDA:345,30,0,0
BRDA:345,31,0,0
BRDA:345,31,1,0
BRDA:345,31,2,0
BRDA:363,32,0,0
BRDA:363,32,1,0
BRDA:365,33,0,0
BRDA:365,33,1,0
BRDA:379,34,0,0
BRDA:379,34,1,0
BRDA:381,35,0,0
BRDA:381,35,1,0
BRDA:387,36,0,0
BRDA:396,37,0,0
BRDA:420,38,0,0
BRDA:420,38,1,0
BRDA:431,39,0,0
BRDA:431,39,1,0
BRDA:477,40,0,0
BRDA:477,40,1,0
BRDA:482,41,0,0
BRDA:482,41,1,0
BRDA:487,42,0,0
BRDA:487,42,1,0
BRDA:493,43,0,0
BRDA:527,44,0,0
BRDA:527,44,1,0
BRDA:530,45,0,0
BRDA:558,46,0,0
BRF:74
BRH:0
end_of_record
TN:
SF:src\components\features\chat\ModernChatComponent.tsx
FN:90,ModernChatComponent
FN:108,(anonymous_3)
FN:109,(anonymous_4)
FN:111,(anonymous_5)
FN:123,(anonymous_6)
FN:124,(anonymous_7)
FN:130,(anonymous_8)
FN:136,(anonymous_9)
FN:141,(anonymous_10)
FN:147,(anonymous_11)
FN:151,(anonymous_12)
FN:161,(anonymous_13)
FN:182,(anonymous_14)
FN:202,(anonymous_15)
FN:216,(anonymous_16)
FN:223,(anonymous_17)
FN:232,(anonymous_18)
FN:246,(anonymous_19)
FN:271,(anonymous_20)
FN:308,(anonymous_21)
FN:354,(anonymous_22)
FN:357,(anonymous_23)
FN:386,(anonymous_24)
FN:398,(anonymous_25)
FN:418,(anonymous_26)
FN:551,(anonymous_27)
FN:561,(anonymous_28)
FN:566,(anonymous_29)
FNF:28
FNH:0
FNDA:0,ModernChatComponent
FNDA:0,(anonymous_3)
FNDA:0,(anonymous_4)
FNDA:0,(anonymous_5)
FNDA:0,(anonymous_6)
FNDA:0,(anonymous_7)
FNDA:0,(anonymous_8)
FNDA:0,(anonymous_9)
FNDA:0,(anonymous_10)
FNDA:0,(anonymous_11)
FNDA:0,(anonymous_12)
FNDA:0,(anonymous_13)
FNDA:0,(anonymous_14)
FNDA:0,(anonymous_15)
FNDA:0,(anonymous_16)
FNDA:0,(anonymous_17)
FNDA:0,(anonymous_18)
FNDA:0,(anonymous_19)
FNDA:0,(anonymous_20)
FNDA:0,(anonymous_21)
FNDA:0,(anonymous_22)
FNDA:0,(anonymous_23)
FNDA:0,(anonymous_24)
FNDA:0,(anonymous_25)
FNDA:0,(anonymous_26)
FNDA:0,(anonymous_27)
FNDA:0,(anonymous_28)
FNDA:0,(anonymous_29)
DA:3,0
DA:4,0
DA:5,0
DA:6,0
DA:7,0
DA:8,0
DA:9,0
DA:10,0
DA:47,0
DA:48,0
DA:49,0
DA:90,0
DA:91,0
DA:92,0
DA:93,0
DA:94,0
DA:95,0
DA:96,0
DA:97,0
DA:98,0
DA:99,0
DA:100,0
DA:101,0
DA:102,0
DA:103,0
DA:104,0
DA:107,0
DA:109,0
DA:111,0
DA:123,0
DA:124,0
DA:125,0
DA:126,0
DA:130,0
DA:131,0
DA:132,0
DA:133,0
DA:136,0
DA:137,0
DA:141,0
DA:142,0
DA:143,0
DA:147,0
DA:148,0
DA:151,0
DA:152,0
DA:153,0
DA:154,0
DA:155,0
DA:157,0
DA:158,0
DA:159,0
DA:161,0
DA:170,0
DA:172,0
DA:175,0
DA:176,0
DA:178,0
DA:182,0
DA:183,0
DA:185,0
DA:186,0
DA:187,0
DA:199,0
DA:201,0
DA:202,0
DA:203,0
DA:204,0
DA:206,0
DA:209,0
DA:210,0
DA:212,0
DA:216,0
DA:217,0
DA:218,0
DA:219,0
DA:223,0
DA:224,0
DA:225,0
DA:226,0
DA:227,0
DA:228,0
DA:232,0
DA:233,0
DA:234,0
DA:235,0
DA:236,0
DA:237,0
DA:242,0
DA:246,0
DA:247,0
DA:248,0
DA:249,0
DA:250,0
DA:252,0
DA:253,0
DA:254,0
DA:256,0
DA:257,0
DA:258,0
DA:259,0
DA:261,0
DA:267,0
DA:271,0
DA:272,0
DA:277,0
DA:308,0
DA:355,0
DA:357,0
DA:386,0
DA:399,0
DA:401,0
DA:403,0
DA:418,0
DA:551,0
DA:562,0
DA:566,0
LF:117
LH:0
BRDA:115,0,0,0
BRDA:115,0,1,0
BRDA:115,1,0,0
BRDA:115,1,1,0
BRDA:115,2,0,0
BRDA:115,2,1,0
BRDA:116,3,0,0
BRDA:116,3,1,0
BRDA:119,4,0,0
BRDA:119,4,1,0
BRDA:142,5,0,0
BRDA:157,6,0,0
BRDA:157,6,1,0
BRDA:183,7,0,0
BRDA:183,8,0,0
BRDA:183,8,1,0
BRDA:201,9,0,0
BRDA:201,9,1,0
BRDA:217,10,0,0
BRDA:217,11,0,0
BRDA:217,11,1,0
BRDA:225,12,0,0
BRDA:225,12,1,0
BRDA:225,13,0,0
BRDA:225,13,1,0
BRDA:227,14,0,0
BRDA:227,15,0,0
BRDA:227,15,1,0
BRDA:233,16,0,0
BRDA:236,17,0,0
BRDA:247,18,0,0
BRDA:250,19,0,0
BRDA:256,20,0,0
BRDA:256,20,1,0
BRDA:258,21,0,0
BRDA:258,21,1,0
BRDA:272,22,0,0
BRDA:272,22,1,0
BRDA:272,22,2,0
BRDA:277,23,0,0
BRDA:305,24,0,0
BRDA:328,25,0,0
BRDA:332,26,0,0
BRDA:332,26,1,0
BRDA:333,27,0,0
BRDA:333,27,1,0
BRDA:347,28,0,0
BRDA:347,28,1,0
BRDA:361,29,0,0
BRDA:399,30,0,0
BRDA:399,30,1,0
BRDA:405,31,0,0
BRDA:412,32,0,0
[...]
FNDA:0,(anonymous_96)
FNDA:0,(anonymous_97)
FNDA:0,(anonymous_98)
FNDA:0,(anonymous_99)
FNDA:0,(anonymous_100)
FNDA:0,(anonymous_101)
FNDA:0,(anonymous_102)
FNDA:0,(anonymous_103)
FNDA:0,(anonymous_104)
DA:6,0
DA:7,0
DA:10,0
DA:12,0
DA:13,0
DA:18,0
DA:20,0
DA:21,0
DA:22,0
DA:26,0
DA:28,0
DA:29,0
DA:30,0
DA:34,0
DA:36,0
DA:37,0
DA:38,0
DA:42,0
DA:44,0
DA:45,0
DA:46,0
DA:51,0
DA:53,0
DA:54,0
DA:55,0
DA:59,0
DA:61,0
DA:62,0
DA:63,0
DA:68,0
DA:70,0
DA:71,0
DA:72,0
DA:76,0
DA:78,0
DA:79,0
DA:80,0
DA:84,0
DA:86,0
DA:87,0
DA:88,0
DA:92,0
DA:94,0
DA:95,0
DA:96,0
DA:101,0
DA:103,0
DA:104,0
DA:105,0
DA:109,0
DA:111,0
DA:112,0
DA:113,0
DA:117,0
DA:119,0
DA:120,0
DA:121,0
DA:125,0
DA:127,0
DA:128,0
DA:129,0
DA:134,0
DA:136,0
DA:137,0
DA:138,0
DA:142,0
DA:144,0
DA:145,0
DA:146,0
DA:150,0
DA:152,0
DA:153,0
DA:154,0
DA:158,0
DA:160,0
DA:161,0
DA:162,0
DA:167,0
DA:169,0
DA:170,0
DA:171,0
DA:175,0
DA:177,0
DA:178,0
DA:179,0
DA:183,0
DA:185,0
DA:186,0
DA:187,0
DA:192,0
DA:194,0
DA:195,0
DA:196,0
DA:200,0
DA:202,0
DA:203,0
DA:204,0
DA:208,0
DA:210,0
DA:211,0
DA:212,0
DA:216,0
DA:218,0
DA:219,0
DA:220,0
DA:224,0
DA:226,0
DA:227,0
DA:228,0
DA:233,0
DA:235,0
DA:236,0
DA:237,0
DA:241,0
DA:243,0
DA:244,0
DA:245,0
DA:249,0
DA:251,0
DA:252,0
DA:253,0
DA:258,0
DA:260,0
DA:261,0
DA:262,0
DA:266,0
DA:268,0
DA:269,0
DA:270,0
DA:274,0
DA:276,0
DA:277,0
DA:278,0
DA:282,0
DA:284,0
DA:285,0
DA:286,0
DA:290,0
DA:292,0
DA:293,0
DA:294,0
DA:299,0
DA:301,0
DA:302,0
DA:303,0
DA:307,0
DA:309,0
DA:310,0
DA:311,0
DA:315,0
DA:317,0
DA:318,0
DA:319,0
DA:324,0
DA:326,0
DA:327,0
DA:328,0
DA:332,0
DA:334,0
DA:335,0
DA:336,0
DA:341,0
DA:343,0
DA:344,0
DA:345,0
DA:349,0
DA:351,0
DA:352,0
DA:353,0
DA:358,0
DA:359,0
DA:362,0
DA:363,0
DA:369,0
DA:370,0
DA:374,0
DA:375,0
DA:381,0
DA:382,0
DA:388,0
DA:389,0
DA:395,0
DA:396,0
DA:401,0
DA:402,0
DA:409,0
DA:410,0
DA:415,0
DA:416,0
LF:189
LH:0
BRDA:300,0,0,0
BRDA:359,1,0,0
BRDA:359,1,1,0
BRDA:363,2,0,0
BRDA:363,2,1,0
BRDA:363,2,2,0
BRDA:363,2,3,0
BRDA:370,3,0,0
BRDA:370,3,1,0
BRDA:375,4,0,0
BRDA:375,4,1,0
BRDA:375,4,2,0
BRDA:375,4,3,0
BRDA:382,5,0,0
BRDA:382,5,1,0
BRDA:382,5,2,0
BRDA:382,5,3,0
BRDA:389,6,0,0
BRDA:389,6,1,0
BRDA:389,6,2,0
BRDA:389,6,3,0
BRDA:396,7,0,0
BRDA:396,7,1,0
BRDA:396,7,2,0
BRDA:402,8,0,0
BRDA:402,8,1,0
BRDA:402,8,2,0
BRDA:402,8,3,0
BRDA:402,8,4,0
BRDA:410,9,0,0
BRDA:410,9,1,0
BRDA:410,9,2,0
BRDA:416,10,0,0
BRDA:416,10,1,0
BRDA:416,10,2,0
BRDA:416,10,3,0
BRDA:416,10,4,0
BRF:37
BRH:0
end_of_record
TN:
SF:src\lib\errors\index.ts
FN:222,(anonymous_131)
FN:246,(anonymous_132)
FN:264,(anonymous_133)
FN:285,(anonymous_134)
FN:331,(anonymous_135)
FN:361,(anonymous_136)
FN:374,(anonymous_137)
FN:378,(anonymous_138)
FN:388,(anonymous_139)
FNF:9
FNH:0
FNDA:0,(anonymous_131)
FNDA:0,(anonymous_132)
FNDA:0,(anonymous_133)
FNDA:0,(anonymous_134)
FNDA:0,(anonymous_135)
FNDA:0,(anonymous_136)
FNDA:0,(anonymous_137)
FNDA:0,(anonymous_138)
FNDA:0,(anonymous_139)
DA:9,0
DA:12,0
DA:15,0
DA:20,0
DA:25,0
DA:28,0
DA:29,0
DA:30,0
DA:31,0
DA:32,0
DA:33,0
DA:34,0
DA:35,0
DA:36,0
DA:37,0
DA:40,0
DA:41,0
DA:42,0
DA:45,0
DA:48,0
DA:49,0
DA:52,0
DA:53,0
DA:56,0
DA:57,0
DA:58,0
DA:61,0
DA:62,0
DA:63,0
DA:66,0
DA:67,0
DA:68,0
DA:71,0
DA:72,0
DA:73,0
DA:74,0
DA:75,0
DA:80,0
DA:83,0
DA:84,0
DA:85,0
DA:86,0
DA:87,0
DA:88,0
DA:91,0
DA:92,0
DA:93,0
DA:94,0
DA:97,0
DA:98,0
DA:99,0
DA:100,0
DA:101,0
DA:104,0
DA:105,0
DA:108,0
DA:109,0
DA:110,0
DA:111,0
DA:112,0
DA:113,0
DA:116,0
DA:117,0
DA:118,0
DA:121,0
DA:122,0
DA:123,0
DA:126,0
DA:129,0
DA:130,0
DA:131,0
DA:132,0
DA:137,0
DA:140,0
DA:141,0
DA:142,0
DA:143,0
DA:146,0
DA:147,0
DA:150,0
DA:151,0
DA:152,0
DA:153,0
DA:156,0
DA:157,0
DA:158,0
DA:159,0
DA:162,0
DA:163,0
DA:164,0
DA:165,0
DA:168,0
DA:169,0
DA:170,0
DA:173,0
DA:174,0
DA:175,0
DA:176,0
DA:177,0
DA:180,0
DA:181,0
DA:182,0
DA:185,0
DA:186,0
DA:187,0
DA:188,0
DA:189,0
DA:192,0
DA:193,0
DA:194,0
DA:197,0
DA:198,0
DA:201,0
DA:202,0
DA:205,0
DA:206,0
DA:207,0
DA:208,0
DA:209,0
DA:210,0
DA:211,0
DA:212,0
DA:213,0
DA:214,0
DA:218,0
DA:230,0
DA:231,0
DA:241,0
DA:242,0
DA:246,0
DA:252,0
DA:265,0
DA:274,0
DA:275,0
DA:287,0
DA:288,0
DA:292,0
DA:293,0
DA:297,0
DA:331,0
DA:333,0
DA:336,0
DA:339,0
DA:341,0
DA:344,0
DA:361,0
DA:366,0
DA:374,0
DA:375,0
DA:378,0
DA:379,0
DA:380,0
DA:382,0
DA:383,0
DA:385,0
DA:388,0
DA:389,0
DA:390,0
DA:392,0
LF:159
LH:0
BRDA:230,0,0,0
BRDA:241,1,0,0
BRDA:256,2,0,0
BRDA:256,2,1,0
BRDA:274,3,0,0
BRDA:287,4,0,0
BRDA:287,5,0,0
BRDA:287,5,1,0
BRDA:292,6,0,0
BRDA:292,7,0,0
BRDA:292,7,1,0
BRDA:339,8,0,0
BRDA:379,9,0,0
BRDA:382,10,0,0
BRDA:389,11,0,0
BRF:15
BRH:0
end_of_record
TN:
SF:src\lib\errors\validation-errors.ts
FN:15,(anonymous_36)
FN:29,(anonymous_37)
FN:41,(anonymous_38)
FN:57,(anonymous_39)
FN:73,(anonymous_40)
FN:88,(anonymous_41)
FN:102,(anonymous_42)
FN:116,(anonymous_43)
FN:132,(anonymous_44)
FN:148,(anonymous_45)
FN:162,(anonymous_46)
FN:175,(anonymous_47)
FN:189,(anonymous_48)
FN:202,(anonymous_49)
FN:215,(anonymous_50)
FN:230,(anonymous_51)
FN:246,(anonymous_52)
FN:263,(anonymous_53)
FN:279,(anonymous_54)
FN:296,(anonymous_55)
FN:312,(anonymous_56)
FN:326,(anonymous_57)
FN:339,(anonymous_58)
FN:352,(anonymous_59)
FN:365,(anonymous_60)
FN:381,(anonymous_61)
FN:397,(anonymous_62)
FN:411,(anonymous_63)
FN:425,(anonymous_64)
FN:438,(anonymous_65)
FN:451,(anonymous_66)
FN:467,(anonymous_67)
FN:473,(anonymous_68)
FN:476,(anonymous_69)
FN:480,(anonymous_70)
FN:481,(anonymous_71)
FN:484,(anonymous_72)
FN:485,(anonymous_73)
FN:488,(anonymous_74)
FN:489,(anonymous_75)
FN:494,(anonymous_76)
FN:498,(anonymous_77)
FN:504,(anonymous_78)
FN:509,(anonymous_79)
FN:519,(anonymous_80)
FNF:45
FNH:0
FNDA:0,(anonymous_36)
FNDA:0,(anonymous_37)
FNDA:0,(anonymous_38)
FNDA:0,(anonymous_39)
FNDA:0,(anonymous_40)
FNDA:0,(anonymous_41)
FNDA:0,(anonymous_42)
FNDA:0,(anonymous_43)
FNDA:0,(anonymous_44)
FNDA:0,(anonymous_45)
FNDA:0,(anonymous_46)
FNDA:0,(anonymous_47)
FNDA:0,(anonymous_48)
FNDA:0,(anonymous_49)
FNDA:0,(anonymous_50)
FNDA:0,(anonymous_51)
FNDA:0,(anonymous_52)
FNDA:0,(anonymous_53)
FNDA:0,(anonymous_54)
FNDA:0,(anonymous_55)
FNDA:0,(anonymous_56)
FNDA:0,(anonymous_57)
FNDA:0,(anonymous_58)
FNDA:0,(anonymous_59)
FNDA:0,(anonymous_60)
FNDA:0,(anonymous_61)
FNDA:0,(anonymous_62)
FNDA:0,(anonymous_63)
FNDA:0,(anonymous_64)
FNDA:0,(anonymous_65)
FNDA:0,(anonymous_66)
FNDA:0,(anonymous_67)
FNDA:0,(anonymous_68)
FNDA:0,(anonymous_69)
FNDA:0,(anonymous_70)
FNDA:0,(anonymous_71)
FNDA:0,(anonymous_72)
FNDA:0,(anonymous_73)
FNDA:0,(anonymous_74)
FNDA:0,(anonymous_75)
FNDA:0,(anonymous_76)
FNDA:0,(anonymous_77)
FNDA:0,(anonymous_78)
FNDA:0,(anonymous_79)
FNDA:0,(anonymous_80)
DA:6,0
DA:7,0
DA:10,0
DA:22,0
DA:23,0
DA:24,0
DA:25,0
DA:26,0
DA:30,0
DA:40,0
DA:42,0
DA:49,0
DA:54,0
DA:58,0
DA:65,0
DA:66,0
DA:70,0
DA:74,0
DA:81,0
DA:82,0
DA:87,0
DA:89,0
DA:96,0
DA:101,0
DA:103,0
DA:110,0
DA:115,0
DA:117,0
DA:124,0
DA:129,0
DA:133,0
DA:140,0
DA:141,0
DA:145,0
DA:149,0
DA:156,0
DA:157,0
DA:161,0
DA:163,0
DA:170,0
DA:174,0
DA:176,0
DA:183,0
DA:188,0
DA:190,0
DA:197,0
DA:201,0
DA:203,0
DA:210,0
DA:214,0
DA:216,0
DA:223,0
DA:227,0
DA:231,0
DA:238,0
DA:239,0
DA:243,0
DA:247,0
DA:254,0
DA:255,0
DA:260,0
DA:264,0
DA:271,0
DA:272,0
DA:276,0
DA:280,0
DA:287,0
DA:288,0
DA:293,0
DA:297,0
DA:304,0
DA:305,0
DA:309,0
DA:313,0
DA:320,0
DA:321,0
DA:325,0
DA:327,0
DA:334,0
DA:338,0
DA:340,0
DA:347,0
DA:351,0
DA:353,0
DA:360,0
DA:364,0
DA:366,0
DA:373,0
DA:378,0
DA:382,0
DA:389,0
DA:390,0
DA:394,0
DA:398,0
DA:405,0
DA:406,0
DA:410,0
DA:412,0
DA:419,0
DA:424,0
DA:426,0
DA:433,0
DA:437,0
DA:439,0
DA:446,0
DA:450,0
DA:452,0
DA:459,0
DA:464,0
DA:468,0
DA:469,0
DA:470,0
DA:474,0
DA:476,0
DA:481,0
DA:485,0
DA:489,0
DA:494,0
DA:495,0
DA:498,0
DA:499,0
DA:505,0
DA:509,0
DA:516,0
DA:519,0
DA:520,0
LF:126
LH:0
BRDA:468,0,0,0
BRDA:468,0,1,0
BRF:2
BRH:0
end_of_record
TN:
SF:src\lib\matching\specialty-preference-matching.ts
FN:89,(anonymous_10)
FN:136,(anonymous_11)
FN:159,(anonymous_12)
FN:165,(anonymous_13)
FN:174,(anonymous_14)
FN:211,(anonymous_15)
FN:233,(anonymous_16)
FN:240,(anonymous_17)
FN:241,(anonymous_18)
FN:270,(anonymous_19)
FN:314,(anonymous_20)
FN:322,(anonymous_21)
FN:350,(anonymous_22)
FN:351,(anonymous_23)
FN:354,(anonymous_24)
FN:368,(anonymous_25)
FNF:16
FNH:6
FNDA:4,(anonymous_10)
FNDA:24,(anonymous_11)
FNDA:4,(anonymous_12)
FNDA:4,(anonymous_13)
FNDA:4,(anonymous_14)
FNDA:0,(anonymous_15)
FNDA:0,(anonymous_16)
FNDA:0,(anonymous_17)
FNDA:0,(anonymous_18)
FNDA:4,(anonymous_19)
FNDA:0,(anonymous_20)
FNDA:0,(anonymous_21)
FNDA:0,(anonymous_22)
FNDA:0,(anonymous_23)
FNDA:0,(anonymous_24)
FNDA:0,(anonymous_25)
DA:50,2
DA:77,2
DA:89,2
DA:90,4
DA:92,4
DA:93,4
DA:95,4
DA:96,8
DA:97,16
DA:100,16
DA:101,2
DA:102,2
DA:106,14
DA:107,14
DA:108,2
DA:109,2
DA:113,12
DA:114,12
DA:115,0
DA:116,0
DA:120,12
DA:121,12
DA:122,12
DA:123,0
DA:124,0
DA:128,12
DA:132,4
DA:136,2
DA:137,24
DA:149,24
DA:150,96
DA:151,20
DA:155,4
DA:159,2
DA:160,4
DA:161,4
DA:165,2
DA:166,4
DA:170,2
DA:174,2
DA:175,4
DA:177,4
DA:178,4
DA:180,4
DA:181,4
DA:182,4
DA:185,4
DA:186,0
DA:187,0
DA:191,0
DA:192,0
DA:193,0
DA:197,0
DA:198,0
DA:199,0
DA:203,0
DA:207,0
DA:211,2
DA:212,0
DA:215,0
DA:216,0
DA:217,0
DA:218,0
DA:219,0
DA:223,0
DA:224,0
DA:225,0
DA:226,0
DA:229,0
DA:233,2
DA:240,0
DA:241,0
DA:243,0
DA:246,0
DA:247,0
DA:251,0
DA:252,0
DA:256,0
DA:261,0
DA:266,0
DA:270,4
DA:272,4
DA:273,4
DA:274,4
DA:275,4
DA:276,0
DA:279,0
DA:289,0
DA:296,0
DA:314,2
DA:318,0
DA:319,0
DA:322,0
DA:323,0
DA:324,0
DA:327,0
DA:328,0
DA:329,0
DA:330,0
DA:334,0
DA:335,0
DA:336,0
DA:337,0
DA:341,0
DA:342,0
DA:343,0
DA:344,0
DA:346,0
DA:350,0
DA:351,0
DA:353,0
DA:354,0
DA:358,0
DA:359,0
DA:360,0
DA:361,0
DA:364,0
DA:368,2
DA:369,0
DA:370,0
DA:372,0
LF:121
LH:52
BRDA:90,0,0,0
BRDA:90,1,0,4
BRDA:90,1,1,4
BRDA:100,2,0,2
BRDA:107,3,0,2
BRDA:107,4,0,14
BRDA:107,4,1,14
BRDA:114,5,0,0
BRDA:114,6,0,12
BRDA:114,6,1,4
BRDA:122,7,0,0
BRDA:132,8,0,4
BRDA:132,8,1,0
BRDA:150,9,0,20
BRDA:161,10,0,0
BRDA:161,10,1,4
BRDA:161,11,0,0
BRDA:161,11,1,0
BRDA:166,12,0,2
BRDA:175,13,0,0
BRDA:175,14,0,4
BRDA:175,14,1,4
BRDA:185,15,0,0
BRDA:191,16,0,0
BRDA:197,17,0,0
BRDA:207,18,0,0
BRDA:207,18,1,0
BRDA:215,19,0,0
BRDA:215,20,0,0
BRDA:215,20,1,0
BRDA:217,21,0,0
BRDA:217,21,1,0
BRDA:218,22,0,0
BRDA:218,22,1,0
BRDA:219,23,0,0
BRDA:223,24,0,0
BRDA:223,24,1,0
BRDA:223,25,0,0
BRDA:223,25,1,0
BRDA:225,26,0,0
BRDA:246,27,0,0
BRDA:246,27,1,0
BRDA:246,28,0,0
BRDA:246,28,1,0
BRDA:247,29,0,0
BRDA:247,29,1,0
BRDA:251,30,0,0
BRDA:251,30,1,0
BRDA:251,31,0,0
BRDA:251,31,1,0
BRDA:252,32,0,0
BRDA:252,32,1,0
BRDA:256,33,0,0
BRDA:256,33,1,0
BRDA:261,34,0,0
BRDA:261,35,0,0
BRDA:261,35,1,0
BRDA:261,35,2,0
BRDA:261,35,3,0
BRDA:323,36,0,0
BRDA:327,37,0,0
BRDA:327,37,1,0
BRDA:329,38,0,0
BRDA:334,39,0,0
BRDA:334,39,1,0
BRDA:336,40,0,0
BRDA:341,41,0,0
BRDA:341,41,1,0
BRDA:343,42,0,0
BRDA:343,42,1,0
BRDA:353,43,0,0
BRDA:358,44,0,0
BRDA:358,44,1,0
BRDA:360,45,0,0
BRF:74
BRH:14
end_of_record
TN:
SF:src\lib\supabase\client.ts
FN:11,(anonymous_3)
FN:31,(anonymous_4)
FNF:2
FNH:0
FNDA:0,(anonymous_3)
FNDA:0,(anonymous_4)
DA:1,0
DA:4,0
DA:5,0
DA:7,0
DA:8,0
DA:11,0
DA:12,0
DA:13,0
DA:16,0
DA:31,0
DA:32,0
DA:33,0
DA:36,0
LF:13
LH:0
BRDA:7,0,0,0
BRDA:7,1,0,0
BRDA:7,1,1,0
BRDA:12,2,0,0
BRDA:12,3,0,0
BRDA:12,3,1,0
BRDA:32,4,0,0
BRDA:32,5,0,0
BRDA:32,5,1,0
BRF:9
BRH:0
end_of_record
TN:
SF:src\lib\supabase\middleware.ts
FN:5,updateSession
FN:17,(anonymous_2)
FN:20,(anonymous_3)
FN:37,(anonymous_4)
FN:65,(anonymous_5)
FN:78,(anonymous_6)
FNF:6
FNH:0
FNDA:0,updateSession
FNDA:0,(anonymous_2)
FNDA:0,(anonymous_3)
FNDA:0,(anonymous_4)
FNDA:0,(anonymous_5)
FNDA:0,(anonymous_6)
DA:1,0
DA:2,0
DA:5,0
DA:6,0
DA:12,0
DA:18,0
DA:21,0
DA:26,0
DA:31,0
DA:38,0
DA:43,0
DA:48,0
DA:61,0
DA:64,0
DA:65,0
DA:66,0
DA:70,0
DA:71,0
DA:72,0
DA:73,0
DA:77,0
DA:78,0
DA:79,0
DA:82,0
DA:83,0
DA:86,0
LF:26
LH:0
BRDA:70,0,0,0
BRDA:70,1,0,0
BRDA:70,1,1,0
BRDA:82,2,0,0
BRDA:82,3,0,0
BRDA:82,3,1,0
BRF:6
BRH:0
end_of_record
TN:
SF:src\lib\supabase\server.ts
FN:4,createSupabaseServer
FN:12,(anonymous_4)
FN:13,(anonymous_5)
FN:15,(anonymous_6)
FN:16,(anonymous_7)
FNF:5
FNH:0
FNDA:0,createSupabaseServer
FNDA:0,(anonymous_4)
FNDA:0,(anonymous_5)
FNDA:0,(anonymous_6)
FNDA:0,(anonymous_7)
DA:1,0
DA:2,0
DA:4,0
DA:5,0
DA:7,0
DA:13,0
DA:16,0
DA:17,0
DA:26,0
LF:9
LH:0
BRF:0
BRH:0
end_of_record
TN:
SF:src\lib\supabase\service.ts
FN:4,createSupabaseServiceClient
FNF:1
FNH:0
FNDA:0,createSupabaseServiceClient
DA:1,0
DA:4,0
DA:5,0
LF:3
LH:0
BRF:0
BRH:0
end_of_record
TN:
SF:src\lib\utils\error.ts
FN:16,createError
FN:35,getErrorMessage
FN:54,getErrorCode
FN:65,isSupabaseError
FN:72,handleSupabaseError
FNF:5
FNH:5
FNDA:13,createError
FNDA:25,getErrorMessage
FNDA:7,getErrorCode
FNDA:17,isSupabaseError
FNDA:10,handleSupabaseError
DA:16,3
DA:24,13
DA:35,17
DA:36,25
DA:37,17
DA:40,8
DA:41,2
DA:44,6
DA:45,2
DA:48,4
DA:54,7
DA:55,7
DA:56,2
DA:59,5
DA:65,7
DA:66,17
DA:72,10
DA:73,10
DA:74,2
DA:75,2
DA:81,8
DA:87,14
DA:118,10
LF:23
LH:23
BRDA:18,0,0,9
BRDA:36,1,0,17
BRDA:40,2,0,2
BRDA:44,3,0,2
BRDA:44,4,0,6
BRDA:44,4,1,4
BRDA:44,4,2,3
BRDA:55,5,0,2
BRDA:55,6,0,7
BRDA:55,6,1,6
BRDA:55,6,2,4
BRDA:66,7,0,17
BRDA:66,7,1,16
BRDA:66,7,2,12
BRDA:66,7,3,4
BRDA:73,8,0,2
BRF:16
BRH:16
end_of_record
TN:
SF:src\lib\utils\profile-completion.ts
FN:5,calculateProfileCompletion
FN:50,getProfileCompletionStatus
FN:82,getMissingProfileSections
FNF:3
FNH:0
FNDA:0,calculateProfileCompletion
FNDA:0,getProfileCompletionStatus
FNDA:0,getMissingProfileSections
DA:5,0
DA:6,0
DA:9,0
DA:10,0
DA:11,0
DA:12,0
DA:13,0
DA:14,0
DA:17,0
DA:18,0
DA:19,0
DA:22,0
DA:23,0
DA:26,0
DA:27,0
DA:28,0
DA:31,0
DA:32,0
DA:33,0
DA:36,0
DA:37,0
DA:40,0
DA:41,0
DA:42,0
DA:45,0
DA:47,0
DA:50,0
DA:55,0
DA:56,0
DA:61,0
DA:62,0
DA:67,0
DA:68,0
DA:74,0
DA:82,0
DA:83,0
DA:86,0
DA:87,0
DA:88,0
DA:89,0
DA:92,0
DA:93,0
DA:94,0
DA:97,0
DA:98,0
DA:101,0
DA:102,0
DA:103,0
DA:106,0
DA:107,0
DA:108,0
DA:111,0
DA:112,0
DA:115,0
DA:116,0
DA:117,0
DA:120,0
DA:122,0
LF:58
LH:0
BRDA:9,0,0,0
BRDA:10,1,0,0
BRDA:11,2,0,0
BRDA:12,3,0,0
BRDA:13,4,0,0
BRDA:14,5,0,0
BRDA:17,6,0,0
BRDA:17,7,0,0
BRDA:17,7,1,0
BRDA:18,8,0,0
BRDA:19,9,0,0
BRDA:22,10,0,0
BRDA:22,11,0,0
BRDA:22,11,1,0
BRDA:23,12,0,0
BRDA:26,13,0,0
BRDA:27,14,0,0
BRDA:28,15,0,0
BRDA:31,16,0,0
BRDA:31,17,0,0
BRDA:31,17,1,0
BRDA:32,18,0,0
BRDA:33,19,0,0
BRDA:36,20,0,0
BRDA:37,21,0,0
BRDA:40,22,0,0
BRDA:41,23,0,0
BRDA:42,24,0,0
BRDA:45,25,0,0
BRDA:55,26,0,0
BRDA:55,26,1,0
BRDA:61,27,0,0
BRDA:61,27,1,0
BRDA:67,28,0,0
BRDA:67,28,1,0
BRDA:86,29,0,0
BRDA:87,30,0,0
BRDA:88,31,0,0
BRDA:89,32,0,0
BRDA:92,33,0,0
BRDA:92,34,0,0
BRDA:92,34,1,0
BRDA:93,35,0,0
BRDA:94,36,0,0
BRDA:97,37,0,0
BRDA:97,38,0,0
BRDA:97,38,1,0
BRDA:98,39,0,0
BRDA:101,40,0,0
BRDA:102,41,0,0
BRDA:103,42,0,0
BRDA:106,43,0,0
BRDA:106,44,0,0
BRDA:106,44,1,0
BRDA:107,45,0,0
BRDA:108,46,0,0
BRDA:111,47,0,0
BRDA:112,48,0,0
BRDA:115,49,0,0
BRDA:116,50,0,0
BRDA:117,51,0,0
BRDA:120,52,0,0
BRF:62
BRH:0
end_of_record
TN:
SF:src\lib\utils\profile-mapping.ts
FN:9,calculateBasicProfileCompletion
FN:124,(anonymous_2)
FN:128,(anonymous_3)
FN:136,(anonymous_4)
FN:139,(anonymous_5)
FN:141,(anonymous_6)
FN:153,mapFormToProfilesUpdate
FNF:7
FNH:0
FNDA:0,calculateBasicProfileCompletion
FNDA:0,(anonymous_2)
FNDA:0,(anonymous_3)
FNDA:0,(anonymous_4)
FNDA:0,(anonymous_5)
FNDA:0,(anonymous_6)
FNDA:0,mapFormToProfilesUpdate
DA:10,0
DA:13,0
DA:14,0
DA:15,0
DA:16,0
DA:17,0
DA:20,0
DA:21,0
DA:24,0
DA:25,0
DA:26,0
DA:28,0
DA:33,0
DA:124,0
DA:125,0
DA:128,0
DA:129,0
DA:130,0
DA:131,0
DA:132,0
DA:136,0
DA:139,0
DA:140,0
DA:141,0
DA:142,0
DA:143,0
DA:144,0
DA:153,0
DA:155,0
DA:160,0
DA:162,0
DA:167,0
DA:170,0
DA:198,0
LF:34
LH:0
BRDA:13,0,0,0
BRDA:14,1,0,0
BRDA:15,2,0,0
BRDA:16,3,0,0
BRDA:17,4,0,0
BRDA:20,5,0,0
BRDA:21,6,0,0
BRDA:21,7,0,0
BRDA:21,7,1,0
BRDA:24,8,0,0
BRDA:25,9,0,0
BRDA:26,10,0,0
BRDA:125,11,0,0
BRDA:125,11,1,0
BRDA:125,12,0,0
BRDA:125,12,1,0
BRDA:125,13,0,0
BRDA:125,13,1,0
BRDA:129,14,0,0
BRDA:130,15,0,0
BRDA:132,16,0,0
BRDA:132,16,1,0
BRDA:136,17,0,0
BRDA:136,17,1,0
BRDA:136,18,0,0
BRDA:136,18,1,0
BRDA:140,19,0,0
BRDA:140,20,0,0
BRDA:140,20,1,0
BRDA:142,21,0,0
BRDA:142,21,1,0
BRDA:143,22,0,0
BRDA:155,23,0,0
BRDA:155,23,1,0
BRDA:155,24,0,0
BRDA:155,24,1,0
BRDA:160,25,0,0
BRDA:160,25,1,0
BRDA:162,26,0,0
BRDA:162,26,1,0
BRDA:162,27,0,0
BRDA:162,27,1,0
BRDA:167,28,0,0
BRDA:167,28,1,0
BRDA:167,29,0,0
BRDA:167,29,1,0
BRDA:172,30,0,0
BRDA:172,30,1,0
BRDA:173,31,0,0
BRDA:173,31,1,0
BRDA:174,32,0,0
BRDA:174,32,1,0
BRDA:176,33,0,0
BRDA:176,33,1,0
BRDA:183,34,0,0
BRDA:183,34,1,0
BRDA:183,34,2,0
BRDA:193,35,0,0
BRDA:193,35,1,0
BRF:59
BRH:0
end_of_record
TN:
SF:src\lib\utils\user-validation.ts
FN:9,validateUserExists
FN:47,signOutWithError
FNF:2
FNH:0
FNDA:0,validateUserExists
FNDA:0,signOutWithError
DA:1,0
DA:9,0
DA:14,0
DA:15,0
DA:18,0
DA:19,0
DA:20,0
DA:26,0
DA:27,0
DA:29,0
DA:32,0
DA:35,0
DA:37,0
DA:38,0
DA:47,0
DA:51,0
DA:52,0
DA:54,0
DA:55,0
DA:56,0
DA:57,0
DA:60,0
LF:22
LH:0
BRDA:14,0,0,0
BRDA:26,1,0,0
BRDA:27,2,0,0
BRDA:56,3,0,0
BRF:4
BRH:0
end_of_record
TN:
SF:src\lib\validation\medical-profile-validation.ts
FN:19,(anonymous_7)
FN:39,(anonymous_8)
FN:52,(anonymous_9)
FN:88,(anonymous_10)
FN:99,(anonymous_11)
FN:149,(anonymous_12)
FN:164,(anonymous_13)
FN:165,(anonymous_14)
FN:179,(anonymous_15)
FN:209,(anonymous_16)
FN:216,(anonymous_17)
FN:217,(anonymous_18)
FN:221,(anonymous_19)
FN:222,(anonymous_20)
FN:226,(anonymous_21)
FN:227,(anonymous_22)
FN:231,(anonymous_23)
FN:232,(anonymous_24)
FN:240,(anonymous_25)
FN:241,(anonymous_26)
FN:263,(anonymous_27)
FN:294,(anonymous_28)
FN:302,(anonymous_29)
FN:303,(anonymous_30)
FN:308,(anonymous_31)
FN:309,(anonymous_32)
FN:314,(anonymous_33)
FN:315,(anonymous_34)
FN:316,(anonymous_35)
FNF:29
FNH:0
FNDA:0,(anonymous_7)
FNDA:0,(anonymous_8)
FNDA:0,(anonymous_9)
FNDA:0,(anonymous_10)
FNDA:0,(anonymous_11)
FNDA:0,(anonymous_12)
FNDA:0,(anonymous_13)
FNDA:0,(anonymous_14)
FNDA:0,(anonymous_15)
FNDA:0,(anonymous_16)
FNDA:0,(anonymous_17)
FNDA:0,(anonymous_18)
FNDA:0,(anonymous_19)
FNDA:0,(anonymous_20)
FNDA:0,(anonymous_21)
FNDA:0,(anonymous_22)
FNDA:0,(anonymous_23)
FNDA:0,(anonymous_24)
FNDA:0,(anonymous_25)
FNDA:0,(anonymous_26)
FNDA:0,(anonymous_27)
FNDA:0,(anonymous_28)
FNDA:0,(anonymous_29)
FNDA:0,(anonymous_30)
FNDA:0,(anonymous_31)
FNDA:0,(anonymous_32)
FNDA:0,(anonymous_33)
FNDA:0,(anonymous_34)
FNDA:0,(anonymous_35)
DA:19,0
DA:20,0
DA:22,0
DA:23,0
DA:30,0
DA:31,0
DA:39,0
DA:40,0
DA:41,0
DA:48,0
DA:52,0
DA:53,0
DA:55,0
DA:56,0
DA:61,0
DA:64,0
DA:76,0
DA:77,0
DA:84,0
DA:88,0
DA:89,0
DA:91,0
DA:92,0
DA:99,0
DA:100,0
DA:101,0
DA:108,0
DA:109,0
DA:116,0
DA:117,0
DA:124,0
DA:125,0
DA:133,0
DA:134,0
DA:135,0
DA:137,0
DA:138,0
DA:147,0
DA:148,0
DA:149,0
DA:150,0
DA:153,0
DA:154,0
DA:164,0
DA:165,0
DA:167,0
DA:168,0
DA:175,0
DA:179,0
DA:180,0
DA:182,0
DA:183,0
DA:188,0
DA:191,0
DA:197,0
DA:198,0
DA:205,0
DA:209,0
DA:210,0
DA:211,0
DA:212,0
DA:215,0
DA:216,0
DA:217,0
DA:220,0
DA:221,0
DA:222,0
DA:225,0
DA:226,0
DA:227,0
DA:230,0
DA:231,0
DA:232,0
DA:235,0
DA:237,0
DA:238,0
DA:240,0
DA:241,0
DA:243,0
DA:244,0
DA:252,0
DA:253,0
DA:262,0
DA:263,0
DA:264,0
DA:267,0
DA:268,0
DA:277,0
DA:278,0
DA:285,0
DA:294,0
DA:295,0
DA:296,0
DA:297,0
DA:299,0
DA:301,0
DA:302,0
DA:303,0
DA:304,0
DA:307,0
DA:308,0
DA:309,0
DA:310,0
DA:313,0
DA:314,0
DA:315,0
DA:316,0
DA:317,0
DA:320,0
DA:323,0
LF:110
LH:0
BRDA:22,0,0,0
BRDA:30,1,0,0
BRDA:40,2,0,0
BRDA:55,3,0,0
BRDA:76,4,0,0
BRDA:91,5,0,0
BRDA:100,6,0,0
BRDA:108,7,0,0
BRDA:116,8,0,0
BRDA:124,9,0,0
BRDA:133,10,0,0
BRDA:137,11,0,0
BRDA:137,12,0,0
BRDA:137,12,1,0
BRDA:137,12,2,0
BRDA:147,13,0,0
BRDA:153,14,0,0
BRDA:167,15,0,0
BRDA:182,16,0,0
BRDA:197,17,0,0
BRDA:225,18,0,0
BRDA:225,18,1,0
BRDA:235,19,0,0
BRDA:235,20,0,0
BRDA:235,20,1,0
BRDA:243,21,0,0
BRDA:243,22,0,0
BRDA:243,22,1,0
BRDA:252,23,0,0
BRDA:252,24,0,0
BRDA:252,24,1,0
BRDA:262,25,0,0
BRDA:262,26,0,0
BRDA:262,26,1,0
BRDA:264,27,0,0
BRDA:264,27,1,0
BRDA:267,28,0,0
BRDA:267,29,0,0
BRDA:267,29,1,0
BRDA:267,29,2,0
BRDA:277,30,0,0
BRDA:277,31,0,0
BRDA:277,31,1,0
BRDA:299,32,0,0
BRDA:299,32,1,0
BRDA:299,32,2,0
BRDA:299,32,3,0
BRDA:313,33,0,0
BRDA:313,33,1,0
BRF:49
BRH:0
end_of_record
